<?xml version="1.0" encoding="UTF-8"?>
<coverage generated="1746026550478" clover="3.2.0">
  <project timestamp="1746026550478" name="All files">
    <metrics statements="18" coveredstatements="13" conditionals="10" coveredconditionals="4" methods="3" coveredmethods="2" elements="31" coveredelements="19" complexity="0" loc="18" ncloc="18" packages="2" files="2" classes="2"/>
    <package name="components">
      <metrics statements="9" coveredstatements="4" conditionals="4" coveredconditionals="1" methods="2" coveredmethods="1"/>
      <file name="Navbar.jsx" path="C:\Code\flexpath-final-project\frontend\src\components\Navbar.jsx">
        <metrics statements="9" coveredstatements="4" conditionals="4" coveredconditionals="1" methods="2" coveredmethods="1"/>
        <line num="6" count="1" type="stmt"/>
        <line num="8" count="1" type="stmt"/>
        <line num="9" count="0" type="stmt"/>
        <line num="10" count="0" type="stmt"/>
        <line num="11" count="0" type="stmt"/>
        <line num="12" count="0" type="stmt"/>
        <line num="15" count="1" type="cond" truecount="1" falsecount="1"/>
        <line num="16" count="1" type="stmt"/>
        <line num="21" count="0" type="stmt"/>
      </file>
    </package>
    <package name="context">
      <metrics statements="9" coveredstatements="9" conditionals="6" coveredconditionals="3" methods="1" coveredmethods="1"/>
      <file name="AuthProvider.jsx" path="C:\Code\flexpath-final-project\frontend\src\context\AuthProvider.jsx">
        <metrics statements="9" coveredstatements="9" conditionals="6" coveredconditionals="3" methods="1" coveredmethods="1"/>
        <line num="3" count="1" type="stmt"/>
        <line num="6" count="1" type="stmt"/>
        <line num="7" count="1" type="cond" truecount="1" falsecount="1"/>
        <line num="8" count="1" type="stmt"/>
        <line num="10" count="1" type="stmt"/>
        <line num="11" count="1" type="cond" truecount="1" falsecount="1"/>
        <line num="13" count="1" type="stmt"/>
        <line num="14" count="1" type="cond" truecount="1" falsecount="1"/>
        <line num="16" count="1" type="stmt"/>
      </file>
    </package>
  </project>
</coverage>
