{"C:\\Code\\flexpath-final-project\\frontend\\src\\components\\Navbar.jsx": {"path":"C:\\Code\\flexpath-final-project\\frontend\\src\\components\\Navbar.jsx","statementMap":{"0":{"start":{"line":6,"column":54},"end":{"line":6,"column":77}},"1":{"start":{"line":8,"column":17},"end":{"line":13,"column":3}},"2":{"start":{"line":9,"column":4},"end":{"line":9,"column":25}},"3":{"start":{"line":10,"column":4},"end":{"line":10,"column":18}},"4":{"start":{"line":11,"column":4},"end":{"line":11,"column":18}},"5":{"start":{"line":12,"column":4},"end":{"line":12,"column":19}},"6":{"start":{"line":15,"column":2},"end":{"line":20,"column":3}},"7":{"start":{"line":16,"column":4},"end":{"line":19,"column":6}},"8":{"start":{"line":21,"column":2},"end":{"line":28,"column":4}}},"fnMap":{"0":{"name":"Navbar","decl":{"start":{"line":5,"column":24},"end":{"line":5,"column":30}},"loc":{"start":{"line":5,"column":33},"end":{"line":29,"column":1}},"line":5},"1":{"name":"(anonymous_1)","decl":{"start":{"line":8,"column":17},"end":{"line":8,"column":18}},"loc":{"start":{"line":8,"column":23},"end":{"line":13,"column":3}},"line":8}},"branchMap":{"0":{"loc":{"start":{"line":15,"column":2},"end":{"line":20,"column":3}},"type":"if","locations":[{"start":{"line":15,"column":2},"end":{"line":20,"column":3}},{"start":{},"end":{}}],"line":15},"1":{"loc":{"start":{"line":25,"column":7},"end":{"line":25,"column":107}},"type":"binary-expr","locations":[{"start":{"line":25,"column":7},"end":{"line":25,"column":23}},{"start":{"line":25,"column":27},"end":{"line":25,"column":107}}],"line":25}},"s":{"0":1,"1":1,"2":0,"3":0,"4":0,"5":0,"6":1,"7":1,"8":0},"f":{"0":1,"1":0},"b":{"0":[1,0],"1":[0,0]},"_coverageSchema":"1a1c01bbd47fc00a2c39e90264f33305004495a9","hash":"c06c1d35465cb6ddf974072aea5504f3ae0b78e6"}
,"C:\\Code\\flexpath-final-project\\frontend\\src\\context\\AuthProvider.jsx": {"path":"C:\\Code\\flexpath-final-project\\frontend\\src\\context\\AuthProvider.jsx","statementMap":{"0":{"start":{"line":3,"column":27},"end":{"line":3,"column":42}},"1":{"start":{"line":6,"column":24},"end":{"line":6,"column":59}},"2":{"start":{"line":7,"column":30},"end":{"line":7,"column":72}},"3":{"start":{"line":8,"column":50},"end":{"line":8,"column":64}},"4":{"start":{"line":10,"column":27},"end":{"line":10,"column":59}},"5":{"start":{"line":11,"column":36},"end":{"line":11,"column":84}},"6":{"start":{"line":13,"column":23},"end":{"line":13,"column":51}},"7":{"start":{"line":14,"column":28},"end":{"line":14,"column":68}},"8":{"start":{"line":16,"column":4},"end":{"line":22,"column":6}}},"fnMap":{"0":{"name":"AuthProvider","decl":{"start":{"line":5,"column":24},"end":{"line":5,"column":36}},"loc":{"start":{"line":5,"column":49},"end":{"line":24,"column":1}},"line":5}},"branchMap":{"0":{"loc":{"start":{"line":7,"column":39},"end":{"line":7,"column":71}},"type":"cond-expr","locations":[{"start":{"line":7,"column":53},"end":{"line":7,"column":64}},{"start":{"line":7,"column":67},"end":{"line":7,"column":71}}],"line":7},"1":{"loc":{"start":{"line":11,"column":45},"end":{"line":11,"column":83}},"type":"cond-expr","locations":[{"start":{"line":11,"column":62},"end":{"line":11,"column":76}},{"start":{"line":11,"column":79},"end":{"line":11,"column":83}}],"line":11},"2":{"loc":{"start":{"line":14,"column":37},"end":{"line":14,"column":67}},"type":"cond-expr","locations":[{"start":{"line":14,"column":50},"end":{"line":14,"column":60}},{"start":{"line":14,"column":63},"end":{"line":14,"column":67}}],"line":14}},"s":{"0":1,"1":1,"2":1,"3":1,"4":1,"5":1,"6":1,"7":1,"8":1},"f":{"0":1},"b":{"0":[0,1],"1":[0,1],"2":[0,1]},"_coverageSchema":"1a1c01bbd47fc00a2c39e90264f33305004495a9","hash":"eb9d3562952172615a87478b57eeab6cadf63f57"}
}
