{"C:\\Code\\flexpath-final-project\\frontend\\src\\App.jsx": {"path":"C:\\Code\\flexpath-final-project\\frontend\\src\\App.jsx","statementMap":{"0":{"start":{"line":16,"column":26},"end":{"line":16,"column":49}},"1":{"start":{"line":17,"column":2},"end":{"line":34,"column":4}}},"fnMap":{"0":{"name":"App","decl":{"start":{"line":15,"column":9},"end":{"line":15,"column":12}},"loc":{"start":{"line":15,"column":15},"end":{"line":35,"column":1}},"line":15}},"branchMap":{"0":{"loc":{"start":{"line":25,"column":9},"end":{"line":25,"column":63}},"type":"binary-expr","locations":[{"start":{"line":25,"column":9},"end":{"line":25,"column":14}},{"start":{"line":25,"column":18},"end":{"line":25,"column":63}}],"line":25},"1":{"loc":{"start":{"line":26,"column":9},"end":{"line":26,"column":59}},"type":"binary-expr","locations":[{"start":{"line":26,"column":9},"end":{"line":26,"column":14}},{"start":{"line":26,"column":18},"end":{"line":26,"column":59}}],"line":26},"2":{"loc":{"start":{"line":27,"column":9},"end":{"line":27,"column":71}},"type":"binary-expr","locations":[{"start":{"line":27,"column":9},"end":{"line":27,"column":14}},{"start":{"line":27,"column":18},"end":{"line":27,"column":71}}],"line":27},"3":{"loc":{"start":{"line":28,"column":9},"end":{"line":28,"column":63}},"type":"binary-expr","locations":[{"start":{"line":28,"column":9},"end":{"line":28,"column":14}},{"start":{"line":28,"column":18},"end":{"line":28,"column":63}}],"line":28},"4":{"loc":{"start":{"line":29,"column":9},"end":{"line":29,"column":82}},"type":"binary-expr","locations":[{"start":{"line":29,"column":9},"end":{"line":29,"column":25}},{"start":{"line":29,"column":29},"end":{"line":29,"column":82}}],"line":29}},"s":{"0":0,"1":0},"f":{"0":0},"b":{"0":[0,0],"1":[0,0],"2":[0,0],"3":[0,0],"4":[0,0]}}
,"C:\\Code\\flexpath-final-project\\frontend\\src\\main.jsx": {"path":"C:\\Code\\flexpath-final-project\\frontend\\src\\main.jsx","statementMap":{"0":{"start":{"line":8,"column":0},"end":{"line":18,"column":2}}},"fnMap":{},"branchMap":{},"s":{"0":0},"f":{},"b":{}}
,"C:\\Code\\flexpath-final-project\\frontend\\src\\components\\ErrorBoundary.jsx": {"path":"C:\\Code\\flexpath-final-project\\frontend\\src\\components\\ErrorBoundary.jsx","statementMap":{"0":{"start":{"line":5,"column":4},"end":{"line":5,"column":17}},"1":{"start":{"line":6,"column":4},"end":{"line":6,"column":37}},"2":{"start":{"line":11,"column":4},"end":{"line":11,"column":30}},"3":{"start":{"line":16,"column":4},"end":{"line":16,"column":70}},"4":{"start":{"line":20,"column":4},"end":{"line":23,"column":5}},"5":{"start":{"line":22,"column":6},"end":{"line":22,"column":44}},"6":{"start":{"line":25,"column":4},"end":{"line":25,"column":31}}},"fnMap":{"0":{"name":"(anonymous_0)","decl":{"start":{"line":4,"column":2},"end":{"line":4,"column":3}},"loc":{"start":{"line":4,"column":21},"end":{"line":7,"column":3}},"line":4},"1":{"name":"(anonymous_1)","decl":{"start":{"line":9,"column":2},"end":{"line":9,"column":3}},"loc":{"start":{"line":9,"column":41},"end":{"line":12,"column":3}},"line":9},"2":{"name":"(anonymous_2)","decl":{"start":{"line":14,"column":2},"end":{"line":14,"column":3}},"loc":{"start":{"line":14,"column":38},"end":{"line":17,"column":3}},"line":14},"3":{"name":"(anonymous_3)","decl":{"start":{"line":19,"column":2},"end":{"line":19,"column":3}},"loc":{"start":{"line":19,"column":11},"end":{"line":26,"column":3}},"line":19}},"branchMap":{"0":{"loc":{"start":{"line":20,"column":4},"end":{"line":23,"column":5}},"type":"if","locations":[{"start":{"line":20,"column":4},"end":{"line":23,"column":5}},{"start":{},"end":{}}],"line":20}},"s":{"0":0,"1":0,"2":0,"3":0,"4":0,"5":0,"6":0},"f":{"0":0,"1":0,"2":0,"3":0},"b":{"0":[0,0]}}
,"C:\\Code\\flexpath-final-project\\frontend\\src\\components\\Navbar.jsx": {"path":"C:\\Code\\flexpath-final-project\\frontend\\src\\components\\Navbar.jsx","statementMap":{"0":{"start":{"line":6,"column":54},"end":{"line":6,"column":77}},"1":{"start":{"line":8,"column":17},"end":{"line":13,"column":3}},"2":{"start":{"line":9,"column":4},"end":{"line":9,"column":25}},"3":{"start":{"line":10,"column":4},"end":{"line":10,"column":18}},"4":{"start":{"line":11,"column":4},"end":{"line":11,"column":18}},"5":{"start":{"line":12,"column":4},"end":{"line":12,"column":19}},"6":{"start":{"line":15,"column":2},"end":{"line":20,"column":3}},"7":{"start":{"line":16,"column":4},"end":{"line":19,"column":6}},"8":{"start":{"line":21,"column":2},"end":{"line":28,"column":4}}},"fnMap":{"0":{"name":"Navbar","decl":{"start":{"line":5,"column":24},"end":{"line":5,"column":30}},"loc":{"start":{"line":5,"column":33},"end":{"line":29,"column":1}},"line":5},"1":{"name":"(anonymous_1)","decl":{"start":{"line":8,"column":17},"end":{"line":8,"column":18}},"loc":{"start":{"line":8,"column":23},"end":{"line":13,"column":3}},"line":8}},"branchMap":{"0":{"loc":{"start":{"line":15,"column":2},"end":{"line":20,"column":3}},"type":"if","locations":[{"start":{"line":15,"column":2},"end":{"line":20,"column":3}},{"start":{},"end":{}}],"line":15},"1":{"loc":{"start":{"line":25,"column":7},"end":{"line":25,"column":107}},"type":"binary-expr","locations":[{"start":{"line":25,"column":7},"end":{"line":25,"column":23}},{"start":{"line":25,"column":27},"end":{"line":25,"column":107}}],"line":25}},"s":{"0":3,"1":3,"2":0,"3":0,"4":0,"5":0,"6":3,"7":1,"8":2},"f":{"0":3,"1":0},"b":{"0":[1,2],"1":[2,1]},"_coverageSchema":"1a1c01bbd47fc00a2c39e90264f33305004495a9","hash":"c06c1d35465cb6ddf974072aea5504f3ae0b78e6"}
,"C:\\Code\\flexpath-final-project\\frontend\\src\\components\\Pages\\CreateBook.jsx": {"path":"C:\\Code\\flexpath-final-project\\frontend\\src\\components\\Pages\\CreateBook.jsx","statementMap":{"0":{"start":{"line":7,"column":52},"end":{"line":7,"column":70}},"1":{"start":{"line":8,"column":27},"end":{"line":8,"column":40}},"2":{"start":{"line":9,"column":4},"end":{"line":9,"column":29}},"3":{"start":{"line":12,"column":25},"end":{"line":24,"column":5}},"4":{"start":{"line":13,"column":8},"end":{"line":13,"column":27}},"5":{"start":{"line":14,"column":23},"end":{"line":17,"column":10}},"6":{"start":{"line":19,"column":9},"end":{"line":19,"column":51}},"7":{"start":{"line":21,"column":8},"end":{"line":21,"column":53}},"8":{"start":{"line":22,"column":8},"end":{"line":22,"column":54}},"9":{"start":{"line":23,"column":8},"end":{"line":23,"column":53}},"10":{"start":{"line":26,"column":24},"end":{"line":29,"column":5}},"11":{"start":{"line":27,"column":8},"end":{"line":27,"column":27}},"12":{"start":{"line":28,"column":8},"end":{"line":28,"column":50}},"13":{"start":{"line":31,"column":4},"end":{"line":52,"column":6}}},"fnMap":{"0":{"name":"CreateBook","decl":{"start":{"line":6,"column":24},"end":{"line":6,"column":34}},"loc":{"start":{"line":6,"column":37},"end":{"line":53,"column":1}},"line":6},"1":{"name":"(anonymous_1)","decl":{"start":{"line":12,"column":25},"end":{"line":12,"column":26}},"loc":{"start":{"line":12,"column":32},"end":{"line":24,"column":5}},"line":12},"2":{"name":"(anonymous_2)","decl":{"start":{"line":26,"column":24},"end":{"line":26,"column":25}},"loc":{"start":{"line":26,"column":31},"end":{"line":29,"column":5}},"line":26}},"branchMap":{"0":{"loc":{"start":{"line":46,"column":21},"end":{"line":46,"column":59}},"type":"binary-expr","locations":[{"start":{"line":46,"column":21},"end":{"line":46,"column":28}},{"start":{"line":46,"column":32},"end":{"line":46,"column":59}}],"line":46},"1":{"loc":{"start":{"line":47,"column":21},"end":{"line":47,"column":121}},"type":"binary-expr","locations":[{"start":{"line":47,"column":21},"end":{"line":47,"column":26}},{"start":{"line":47,"column":30},"end":{"line":47,"column":121}}],"line":47},"2":{"loc":{"start":{"line":48,"column":21},"end":{"line":48,"column":153}},"type":"binary-expr","locations":[{"start":{"line":48,"column":21},"end":{"line":48,"column":49}},{"start":{"line":48,"column":53},"end":{"line":48,"column":153}}],"line":48}},"s":{"0":7,"1":7,"2":7,"3":7,"4":1,"5":1,"6":1,"7":1,"8":1,"9":1,"10":7,"11":1,"12":1,"13":7},"f":{"0":7,"1":1,"2":1},"b":{"0":[7,5],"1":[7,4],"2":[7,2]},"_coverageSchema":"1a1c01bbd47fc00a2c39e90264f33305004495a9","hash":"7b5662d54865c3d090f25b43f1a2c182a6d0ef44"}
,"C:\\Code\\flexpath-final-project\\frontend\\src\\components\\Pages\\404\\NotFound.jsx": {"path":"C:\\Code\\flexpath-final-project\\frontend\\src\\components\\Pages\\404\\NotFound.jsx","statementMap":{"0":{"start":{"line":4,"column":4},"end":{"line":9,"column":6}}},"fnMap":{"0":{"name":"NotFound","decl":{"start":{"line":3,"column":24},"end":{"line":3,"column":32}},"loc":{"start":{"line":3,"column":35},"end":{"line":10,"column":1}},"line":3}},"branchMap":{},"s":{"0":0},"f":{"0":0},"b":{}}
,"C:\\Code\\flexpath-final-project\\frontend\\src\\components\\Pages\\Book\\AddToCollection.jsx": {"path":"C:\\Code\\flexpath-final-project\\frontend\\src\\components\\Pages\\Book\\AddToCollection.jsx","statementMap":{"0":{"start":{"line":8,"column":38},"end":{"line":8,"column":61}},"1":{"start":{"line":9,"column":95},"end":{"line":9,"column":113}},"2":{"start":{"line":10,"column":4},"end":{"line":10,"column":49}},"3":{"start":{"line":13,"column":4},"end":{"line":17,"column":5}},"4":{"start":{"line":14,"column":8},"end":{"line":14,"column":39}},"5":{"start":{"line":16,"column":8},"end":{"line":16,"column":60}},"6":{"start":{"line":18,"column":16},"end":{"line":18,"column":59}},"7":{"start":{"line":18,"column":30},"end":{"line":18,"column":42}},"8":{"start":{"line":19,"column":20},"end":{"line":19,"column":97}},"9":{"start":{"line":19,"column":35},"end":{"line":19,"column":86}},"10":{"start":{"line":20,"column":21},"end":{"line":20,"column":43}},"11":{"start":{"line":22,"column":25},"end":{"line":25,"column":5}},"12":{"start":{"line":23,"column":8},"end":{"line":23,"column":27}},"13":{"start":{"line":24,"column":8},"end":{"line":24,"column":138}},"14":{"start":{"line":27,"column":4},"end":{"line":57,"column":6}},"15":{"start":{"line":35,"column":28},"end":{"line":43,"column":29}},"16":{"start":{"line":37,"column":36},"end":{"line":41,"column":37}},"17":{"start":{"line":38,"column":40},"end":{"line":40,"column":41}}},"fnMap":{"0":{"name":"AddToCollection","decl":{"start":{"line":7,"column":24},"end":{"line":7,"column":39}},"loc":{"start":{"line":7,"column":48},"end":{"line":58,"column":1}},"line":7},"1":{"name":"(anonymous_1)","decl":{"start":{"line":18,"column":24},"end":{"line":18,"column":25}},"loc":{"start":{"line":18,"column":30},"end":{"line":18,"column":42}},"line":18},"2":{"name":"(anonymous_2)","decl":{"start":{"line":19,"column":28},"end":{"line":19,"column":29}},"loc":{"start":{"line":19,"column":35},"end":{"line":19,"column":86}},"line":19},"3":{"name":"(anonymous_3)","decl":{"start":{"line":22,"column":25},"end":{"line":22,"column":26}},"loc":{"start":{"line":22,"column":32},"end":{"line":25,"column":5}},"line":22},"4":{"name":"(anonymous_4)","decl":{"start":{"line":34,"column":34},"end":{"line":34,"column":35}},"loc":{"start":{"line":34,"column":40},"end":{"line":44,"column":25}},"line":34},"5":{"name":"(anonymous_5)","decl":{"start":{"line":36,"column":55},"end":{"line":36,"column":56}},"loc":{"start":{"line":36,"column":73},"end":{"line":42,"column":33}},"line":36}},"branchMap":{"0":{"loc":{"start":{"line":13,"column":4},"end":{"line":17,"column":5}},"type":"if","locations":[{"start":{"line":13,"column":4},"end":{"line":17,"column":5}},{"start":{"line":15,"column":11},"end":{"line":17,"column":5}}],"line":13},"1":{"loc":{"start":{"line":32,"column":21},"end":{"line":32,"column":201}},"type":"binary-expr","locations":[{"start":{"line":32,"column":21},"end":{"line":32,"column":51}},{"start":{"line":32,"column":55},"end":{"line":32,"column":201}}],"line":32},"2":{"loc":{"start":{"line":33,"column":21},"end":{"line":45,"column":29}},"type":"binary-expr","locations":[{"start":{"line":33,"column":21},"end":{"line":33,"column":49}},{"start":{"line":33,"column":53},"end":{"line":45,"column":29}}],"line":33},"3":{"loc":{"start":{"line":37,"column":36},"end":{"line":41,"column":37}},"type":"if","locations":[{"start":{"line":37,"column":36},"end":{"line":41,"column":37}},{"start":{},"end":{}}],"line":37},"4":{"loc":{"start":{"line":47,"column":25},"end":{"line":47,"column":132}},"type":"binary-expr","locations":[{"start":{"line":47,"column":25},"end":{"line":47,"column":55}},{"start":{"line":47,"column":59},"end":{"line":47,"column":132}}],"line":47},"5":{"loc":{"start":{"line":48,"column":25},"end":{"line":48,"column":121}},"type":"binary-expr","locations":[{"start":{"line":48,"column":25},"end":{"line":48,"column":53}},{"start":{"line":48,"column":57},"end":{"line":48,"column":121}}],"line":48},"6":{"loc":{"start":{"line":52,"column":13},"end":{"line":52,"column":109}},"type":"binary-expr","locations":[{"start":{"line":52,"column":13},"end":{"line":52,"column":48}},{"start":{"line":52,"column":52},"end":{"line":52,"column":109}}],"line":52},"7":{"loc":{"start":{"line":53,"column":13},"end":{"line":53,"column":56}},"type":"binary-expr","locations":[{"start":{"line":53,"column":13},"end":{"line":53,"column":27}},{"start":{"line":53,"column":31},"end":{"line":53,"column":56}}],"line":53},"8":{"loc":{"start":{"line":54,"column":13},"end":{"line":54,"column":120}},"type":"binary-expr","locations":[{"start":{"line":54,"column":13},"end":{"line":54,"column":25}},{"start":{"line":54,"column":29},"end":{"line":54,"column":120}}],"line":54}},"s":{"0":0,"1":0,"2":0,"3":0,"4":0,"5":0,"6":0,"7":0,"8":0,"9":0,"10":0,"11":0,"12":0,"13":0,"14":0,"15":0,"16":0,"17":0},"f":{"0":0,"1":0,"2":0,"3":0,"4":0,"5":0},"b":{"0":[0,0],"1":[0,0],"2":[0,0],"3":[0,0],"4":[0,0],"5":[0,0],"6":[0,0],"7":[0,0],"8":[0,0]}}
,"C:\\Code\\flexpath-final-project\\frontend\\src\\components\\Pages\\Book\\Book.jsx": {"path":"C:\\Code\\flexpath-final-project\\frontend\\src\\components\\Pages\\Book\\Book.jsx","statementMap":{"0":{"start":{"line":10,"column":21},"end":{"line":10,"column":44}},"1":{"start":{"line":11,"column":37},"end":{"line":11,"column":60}},"2":{"start":{"line":12,"column":28},"end":{"line":12,"column":43}},"3":{"start":{"line":14,"column":19},"end":{"line":17,"column":5}},"4":{"start":{"line":15,"column":8},"end":{"line":15,"column":27}},"5":{"start":{"line":16,"column":8},"end":{"line":16,"column":31}},"6":{"start":{"line":16,"column":24},"end":{"line":16,"column":29}},"7":{"start":{"line":19,"column":4},"end":{"line":43,"column":6}}},"fnMap":{"0":{"name":"Book","decl":{"start":{"line":9,"column":24},"end":{"line":9,"column":28}},"loc":{"start":{"line":9,"column":31},"end":{"line":44,"column":1}},"line":9},"1":{"name":"(anonymous_1)","decl":{"start":{"line":14,"column":19},"end":{"line":14,"column":20}},"loc":{"start":{"line":14,"column":26},"end":{"line":17,"column":5}},"line":14},"2":{"name":"(anonymous_2)","decl":{"start":{"line":16,"column":16},"end":{"line":16,"column":17}},"loc":{"start":{"line":16,"column":24},"end":{"line":16,"column":29}},"line":16}},"branchMap":{"0":{"loc":{"start":{"line":22,"column":17},"end":{"line":22,"column":54}},"type":"binary-expr","locations":[{"start":{"line":22,"column":17},"end":{"line":22,"column":24}},{"start":{"line":22,"column":28},"end":{"line":22,"column":54}}],"line":22},"1":{"loc":{"start":{"line":23,"column":17},"end":{"line":23,"column":93}},"type":"binary-expr","locations":[{"start":{"line":23,"column":17},"end":{"line":23,"column":22}},{"start":{"line":23,"column":26},"end":{"line":23,"column":93}}],"line":23},"2":{"loc":{"start":{"line":24,"column":17},"end":{"line":25,"column":91}},"type":"binary-expr","locations":[{"start":{"line":24,"column":17},"end":{"line":24,"column":23}},{"start":{"line":24,"column":27},"end":{"line":25,"column":91}}],"line":24},"3":{"loc":{"start":{"line":26,"column":17},"end":{"line":26,"column":191}},"type":"binary-expr","locations":[{"start":{"line":26,"column":17},"end":{"line":26,"column":33}},{"start":{"line":26,"column":37},"end":{"line":26,"column":191}}],"line":26},"4":{"loc":{"start":{"line":29,"column":17},"end":{"line":29,"column":105}},"type":"binary-expr","locations":[{"start":{"line":29,"column":18},"end":{"line":29,"column":34}},{"start":{"line":29,"column":38},"end":{"line":29,"column":42}},{"start":{"line":29,"column":47},"end":{"line":29,"column":105}}],"line":29}},"s":{"0":0,"1":0,"2":0,"3":0,"4":0,"5":0,"6":0,"7":0},"f":{"0":0,"1":0,"2":0},"b":{"0":[0,0],"1":[0,0],"2":[0,0],"3":[0,0],"4":[0,0,0]}}
,"C:\\Code\\flexpath-final-project\\frontend\\src\\components\\Pages\\Book\\BookManager.jsx": {"path":"C:\\Code\\flexpath-final-project\\frontend\\src\\components\\Pages\\Book\\BookManager.jsx","statementMap":{"0":{"start":{"line":8,"column":27},"end":{"line":8,"column":50}},"1":{"start":{"line":9,"column":21},"end":{"line":9,"column":34}},"2":{"start":{"line":10,"column":52},"end":{"line":10,"column":70}},"3":{"start":{"line":11,"column":118},"end":{"line":11,"column":136}},"4":{"start":{"line":12,"column":4},"end":{"line":12,"column":29}},"5":{"start":{"line":13,"column":4},"end":{"line":13,"column":39}},"6":{"start":{"line":15,"column":25},"end":{"line":33,"column":5}},"7":{"start":{"line":16,"column":8},"end":{"line":16,"column":27}},"8":{"start":{"line":17,"column":23},"end":{"line":17,"column":25}},"9":{"start":{"line":18,"column":8},"end":{"line":20,"column":9}},"10":{"start":{"line":19,"column":12},"end":{"line":19,"column":69}},"11":{"start":{"line":21,"column":8},"end":{"line":23,"column":9}},"12":{"start":{"line":22,"column":12},"end":{"line":22,"column":71}},"13":{"start":{"line":24,"column":8},"end":{"line":26,"column":9}},"14":{"start":{"line":25,"column":12},"end":{"line":25,"column":69}},"15":{"start":{"line":28,"column":8},"end":{"line":28,"column":55}},"16":{"start":{"line":30,"column":8},"end":{"line":30,"column":52}},"17":{"start":{"line":31,"column":8},"end":{"line":31,"column":53}},"18":{"start":{"line":32,"column":8},"end":{"line":32,"column":52}},"19":{"start":{"line":35,"column":4},"end":{"line":40,"column":36}},"20":{"start":{"line":36,"column":8},"end":{"line":39,"column":9}},"21":{"start":{"line":37,"column":12},"end":{"line":37,"column":27}},"22":{"start":{"line":38,"column":12},"end":{"line":38,"column":44}},"23":{"start":{"line":38,"column":34},"end":{"line":38,"column":42}},"24":{"start":{"line":42,"column":31},"end":{"line":44,"column":5}},"25":{"start":{"line":43,"column":8},"end":{"line":43,"column":55}},"26":{"start":{"line":46,"column":4},"end":{"line":50,"column":35}},"27":{"start":{"line":47,"column":8},"end":{"line":49,"column":9}},"28":{"start":{"line":48,"column":12},"end":{"line":48,"column":32}},"29":{"start":{"line":52,"column":4},"end":{"line":83,"column":6}}},"fnMap":{"0":{"name":"BookManager","decl":{"start":{"line":7,"column":24},"end":{"line":7,"column":35}},"loc":{"start":{"line":7,"column":59},"end":{"line":84,"column":1}},"line":7},"1":{"name":"(anonymous_1)","decl":{"start":{"line":15,"column":25},"end":{"line":15,"column":26}},"loc":{"start":{"line":15,"column":32},"end":{"line":33,"column":5}},"line":15},"2":{"name":"(anonymous_2)","decl":{"start":{"line":35,"column":14},"end":{"line":35,"column":15}},"loc":{"start":{"line":35,"column":20},"end":{"line":40,"column":5}},"line":35},"3":{"name":"(anonymous_3)","decl":{"start":{"line":38,"column":23},"end":{"line":38,"column":24}},"loc":{"start":{"line":38,"column":34},"end":{"line":38,"column":42}},"line":38},"4":{"name":"(anonymous_4)","decl":{"start":{"line":42,"column":31},"end":{"line":42,"column":32}},"loc":{"start":{"line":42,"column":37},"end":{"line":44,"column":5}},"line":42},"5":{"name":"(anonymous_5)","decl":{"start":{"line":46,"column":14},"end":{"line":46,"column":15}},"loc":{"start":{"line":46,"column":20},"end":{"line":50,"column":5}},"line":46}},"branchMap":{"0":{"loc":{"start":{"line":18,"column":8},"end":{"line":20,"column":9}},"type":"if","locations":[{"start":{"line":18,"column":8},"end":{"line":20,"column":9}},{"start":{},"end":{}}],"line":18},"1":{"loc":{"start":{"line":21,"column":8},"end":{"line":23,"column":9}},"type":"if","locations":[{"start":{"line":21,"column":8},"end":{"line":23,"column":9}},{"start":{},"end":{}}],"line":21},"2":{"loc":{"start":{"line":24,"column":8},"end":{"line":26,"column":9}},"type":"if","locations":[{"start":{"line":24,"column":8},"end":{"line":26,"column":9}},{"start":{},"end":{}}],"line":24},"3":{"loc":{"start":{"line":36,"column":8},"end":{"line":39,"column":9}},"type":"if","locations":[{"start":{"line":36,"column":8},"end":{"line":39,"column":9}},{"start":{},"end":{}}],"line":36},"4":{"loc":{"start":{"line":47,"column":8},"end":{"line":49,"column":9}},"type":"if","locations":[{"start":{"line":47,"column":8},"end":{"line":49,"column":9}},{"start":{},"end":{}}],"line":47},"5":{"loc":{"start":{"line":54,"column":13},"end":{"line":80,"column":23}},"type":"binary-expr","locations":[{"start":{"line":54,"column":13},"end":{"line":54,"column":17}},{"start":{"line":55,"column":16},"end":{"line":80,"column":23}}],"line":54},"6":{"loc":{"start":{"line":74,"column":29},"end":{"line":74,"column":67}},"type":"binary-expr","locations":[{"start":{"line":74,"column":29},"end":{"line":74,"column":36}},{"start":{"line":74,"column":40},"end":{"line":74,"column":67}}],"line":74},"7":{"loc":{"start":{"line":75,"column":29},"end":{"line":75,"column":129}},"type":"binary-expr","locations":[{"start":{"line":75,"column":29},"end":{"line":75,"column":34}},{"start":{"line":75,"column":38},"end":{"line":75,"column":129}}],"line":75},"8":{"loc":{"start":{"line":76,"column":29},"end":{"line":76,"column":77}},"type":"binary-expr","locations":[{"start":{"line":76,"column":29},"end":{"line":76,"column":46}},{"start":{"line":76,"column":50},"end":{"line":76,"column":77}}],"line":76},"9":{"loc":{"start":{"line":77,"column":29},"end":{"line":77,"column":139}},"type":"binary-expr","locations":[{"start":{"line":77,"column":29},"end":{"line":77,"column":44}},{"start":{"line":77,"column":48},"end":{"line":77,"column":139}}],"line":77}},"s":{"0":0,"1":0,"2":0,"3":0,"4":0,"5":0,"6":0,"7":0,"8":0,"9":0,"10":0,"11":0,"12":0,"13":0,"14":0,"15":0,"16":0,"17":0,"18":0,"19":0,"20":0,"21":0,"22":0,"23":0,"24":0,"25":0,"26":0,"27":0,"28":0,"29":0},"f":{"0":0,"1":0,"2":0,"3":0,"4":0,"5":0},"b":{"0":[0,0],"1":[0,0],"2":[0,0],"3":[0,0],"4":[0,0],"5":[0,0],"6":[0,0],"7":[0,0],"8":[0,0],"9":[0,0]}}
,"C:\\Code\\flexpath-final-project\\frontend\\src\\components\\Pages\\Book\\BookReviewsTable.jsx": {"path":"C:\\Code\\flexpath-final-project\\frontend\\src\\components\\Pages\\Book\\BookReviewsTable.jsx","statementMap":{"0":{"start":{"line":9,"column":38},"end":{"line":9,"column":61}},"1":{"start":{"line":10,"column":24},"end":{"line":10,"column":47}},"2":{"start":{"line":11,"column":27},"end":{"line":11,"column":40}},"3":{"start":{"line":13,"column":16},"end":{"line":13,"column":70}},"4":{"start":{"line":13,"column":30},"end":{"line":13,"column":59}},"5":{"start":{"line":14,"column":20},"end":{"line":14,"column":97}},"6":{"start":{"line":14,"column":35},"end":{"line":14,"column":86}},"7":{"start":{"line":15,"column":37},"end":{"line":15,"column":68}},"8":{"start":{"line":17,"column":28},"end":{"line":17,"column":62}},"9":{"start":{"line":18,"column":25},"end":{"line":18,"column":53}},"10":{"start":{"line":20,"column":24},"end":{"line":23,"column":5}},"11":{"start":{"line":21,"column":8},"end":{"line":21,"column":27}},"12":{"start":{"line":22,"column":8},"end":{"line":22,"column":65}},"13":{"start":{"line":25,"column":23},"end":{"line":28,"column":5}},"14":{"start":{"line":26,"column":20},"end":{"line":26,"column":38}},"15":{"start":{"line":27,"column":8},"end":{"line":27,"column":80}},"16":{"start":{"line":30,"column":4},"end":{"line":30,"column":27}},"17":{"start":{"line":31,"column":4},"end":{"line":84,"column":6}},"18":{"start":{"line":40,"column":28},"end":{"line":53,"column":29}},"19":{"start":{"line":41,"column":32},"end":{"line":52,"column":29}},"20":{"start":{"line":42,"column":32},"end":{"line":47,"column":33}},"21":{"start":{"line":49,"column":32},"end":{"line":51,"column":33}},"22":{"start":{"line":60,"column":24},"end":{"line":79,"column":26}},"23":{"start":{"line":63,"column":36},"end":{"line":71,"column":37}},"24":{"start":{"line":64,"column":40},"end":{"line":70,"column":41}},"25":{"start":{"line":65,"column":44},"end":{"line":65,"column":120}},"26":{"start":{"line":66,"column":47},"end":{"line":70,"column":41}},"27":{"start":{"line":67,"column":44},"end":{"line":67,"column":115}},"28":{"start":{"line":69,"column":44},"end":{"line":69,"column":104}}},"fnMap":{"0":{"name":"BookReviewsTable","decl":{"start":{"line":8,"column":24},"end":{"line":8,"column":40}},"loc":{"start":{"line":8,"column":53},"end":{"line":85,"column":1}},"line":8},"1":{"name":"(anonymous_1)","decl":{"start":{"line":13,"column":24},"end":{"line":13,"column":25}},"loc":{"start":{"line":13,"column":30},"end":{"line":13,"column":59}},"line":13},"2":{"name":"(anonymous_2)","decl":{"start":{"line":14,"column":28},"end":{"line":14,"column":29}},"loc":{"start":{"line":14,"column":35},"end":{"line":14,"column":86}},"line":14},"3":{"name":"(anonymous_3)","decl":{"start":{"line":20,"column":24},"end":{"line":20,"column":25}},"loc":{"start":{"line":20,"column":31},"end":{"line":23,"column":5}},"line":20},"4":{"name":"(anonymous_4)","decl":{"start":{"line":25,"column":23},"end":{"line":25,"column":24}},"loc":{"start":{"line":25,"column":30},"end":{"line":28,"column":5}},"line":25},"5":{"name":"(anonymous_5)","decl":{"start":{"line":39,"column":73},"end":{"line":39,"column":74}},"loc":{"start":{"line":39,"column":80},"end":{"line":54,"column":25}},"line":39},"6":{"name":"(anonymous_6)","decl":{"start":{"line":59,"column":62},"end":{"line":59,"column":63}},"loc":{"start":{"line":59,"column":68},"end":{"line":80,"column":21}},"line":59},"7":{"name":"(anonymous_7)","decl":{"start":{"line":62,"column":56},"end":{"line":62,"column":57}},"loc":{"start":{"line":62,"column":74},"end":{"line":72,"column":33}},"line":62}},"branchMap":{"0":{"loc":{"start":{"line":27,"column":34},"end":{"line":27,"column":77}},"type":"cond-expr","locations":[{"start":{"line":27,"column":53},"end":{"line":27,"column":64}},{"start":{"line":27,"column":67},"end":{"line":27,"column":77}}],"line":27},"1":{"loc":{"start":{"line":33,"column":13},"end":{"line":33,"column":53}},"type":"binary-expr","locations":[{"start":{"line":33,"column":13},"end":{"line":33,"column":20}},{"start":{"line":33,"column":24},"end":{"line":33,"column":53}}],"line":33},"2":{"loc":{"start":{"line":34,"column":13},"end":{"line":34,"column":121}},"type":"binary-expr","locations":[{"start":{"line":34,"column":14},"end":{"line":34,"column":19}},{"start":{"line":34,"column":23},"end":{"line":34,"column":46}},{"start":{"line":34,"column":51},"end":{"line":34,"column":121}}],"line":34},"3":{"loc":{"start":{"line":35,"column":13},"end":{"line":35,"column":85}},"type":"binary-expr","locations":[{"start":{"line":35,"column":14},"end":{"line":35,"column":20}},{"start":{"line":35,"column":24},"end":{"line":35,"column":47}},{"start":{"line":35,"column":52},"end":{"line":35,"column":85}}],"line":35},"4":{"loc":{"start":{"line":39,"column":25},"end":{"line":54,"column":26}},"type":"binary-expr","locations":[{"start":{"line":39,"column":25},"end":{"line":39,"column":38}},{"start":{"line":39,"column":42},"end":{"line":54,"column":26}}],"line":39},"5":{"loc":{"start":{"line":40,"column":28},"end":{"line":53,"column":29}},"type":"if","locations":[{"start":{"line":40,"column":28},"end":{"line":53,"column":29}},{"start":{},"end":{}}],"line":40},"6":{"loc":{"start":{"line":40,"column":32},"end":{"line":40,"column":102}},"type":"binary-expr","locations":[{"start":{"line":40,"column":32},"end":{"line":40,"column":43}},{"start":{"line":40,"column":47},"end":{"line":40,"column":62}},{"start":{"line":40,"column":66},"end":{"line":40,"column":82}},{"start":{"line":40,"column":86},"end":{"line":40,"column":102}}],"line":40},"7":{"loc":{"start":{"line":41,"column":32},"end":{"line":52,"column":29}},"type":"if","locations":[{"start":{"line":41,"column":32},"end":{"line":52,"column":29}},{"start":{"line":48,"column":35},"end":{"line":52,"column":29}}],"line":41},"8":{"loc":{"start":{"line":55,"column":25},"end":{"line":55,"column":67}},"type":"binary-expr","locations":[{"start":{"line":55,"column":25},"end":{"line":55,"column":38}},{"start":{"line":55,"column":42},"end":{"line":55,"column":67}}],"line":55},"9":{"loc":{"start":{"line":59,"column":21},"end":{"line":80,"column":22}},"type":"binary-expr","locations":[{"start":{"line":59,"column":21},"end":{"line":59,"column":31}},{"start":{"line":59,"column":35},"end":{"line":80,"column":22}}],"line":59},"10":{"loc":{"start":{"line":63,"column":36},"end":{"line":71,"column":37}},"type":"if","locations":[{"start":{"line":63,"column":36},"end":{"line":71,"column":37}},{"start":{},"end":{}}],"line":63},"11":{"loc":{"start":{"line":63,"column":40},"end":{"line":63,"column":110}},"type":"binary-expr","locations":[{"start":{"line":63,"column":40},"end":{"line":63,"column":51}},{"start":{"line":63,"column":55},"end":{"line":63,"column":70}},{"start":{"line":63,"column":74},"end":{"line":63,"column":90}},{"start":{"line":63,"column":94},"end":{"line":63,"column":110}}],"line":63},"12":{"loc":{"start":{"line":64,"column":40},"end":{"line":70,"column":41}},"type":"if","locations":[{"start":{"line":64,"column":40},"end":{"line":70,"column":41}},{"start":{"line":66,"column":47},"end":{"line":70,"column":41}}],"line":64},"13":{"loc":{"start":{"line":66,"column":47},"end":{"line":70,"column":41}},"type":"if","locations":[{"start":{"line":66,"column":47},"end":{"line":70,"column":41}},{"start":{"line":68,"column":47},"end":{"line":70,"column":41}}],"line":66},"14":{"loc":{"start":{"line":74,"column":37},"end":{"line":75,"column":119}},"type":"binary-expr","locations":[{"start":{"line":74,"column":38},"end":{"line":74,"column":62}},{"start":{"line":74,"column":66},"end":{"line":74,"column":82}},{"start":{"line":75,"column":40},"end":{"line":75,"column":119}}],"line":74}},"s":{"0":0,"1":0,"2":0,"3":0,"4":0,"5":0,"6":0,"7":0,"8":0,"9":0,"10":0,"11":0,"12":0,"13":0,"14":0,"15":0,"16":0,"17":0,"18":0,"19":0,"20":0,"21":0,"22":0,"23":0,"24":0,"25":0,"26":0,"27":0,"28":0},"f":{"0":0,"1":0,"2":0,"3":0,"4":0,"5":0,"6":0,"7":0},"b":{"0":[0,0],"1":[0,0],"2":[0,0,0],"3":[0,0,0],"4":[0,0],"5":[0,0],"6":[0,0,0,0],"7":[0,0],"8":[0,0],"9":[0,0],"10":[0,0],"11":[0,0,0,0],"12":[0,0],"13":[0,0],"14":[0,0,0]}}
,"C:\\Code\\flexpath-final-project\\frontend\\src\\components\\Pages\\Book\\CreateReview.jsx": {"path":"C:\\Code\\flexpath-final-project\\frontend\\src\\components\\Pages\\Book\\CreateReview.jsx","statementMap":{"0":{"start":{"line":7,"column":27},"end":{"line":7,"column":50}},"1":{"start":{"line":8,"column":52},"end":{"line":8,"column":70}},"2":{"start":{"line":9,"column":4},"end":{"line":9,"column":29}},"3":{"start":{"line":11,"column":25},"end":{"line":29,"column":5}},"4":{"start":{"line":12,"column":8},"end":{"line":12,"column":27}},"5":{"start":{"line":14,"column":23},"end":{"line":14,"column":75}},"6":{"start":{"line":15,"column":8},"end":{"line":17,"column":9}},"7":{"start":{"line":16,"column":12},"end":{"line":16,"column":73}},"8":{"start":{"line":18,"column":8},"end":{"line":22,"column":9}},"9":{"start":{"line":19,"column":12},"end":{"line":19,"column":37}},"10":{"start":{"line":21,"column":12},"end":{"line":21,"column":38}},"11":{"start":{"line":24,"column":8},"end":{"line":24,"column":65}},"12":{"start":{"line":26,"column":8},"end":{"line":26,"column":53}},"13":{"start":{"line":27,"column":8},"end":{"line":27,"column":54}},"14":{"start":{"line":28,"column":8},"end":{"line":28,"column":59}},"15":{"start":{"line":31,"column":4},"end":{"line":36,"column":27}},"16":{"start":{"line":32,"column":8},"end":{"line":35,"column":9}},"17":{"start":{"line":33,"column":12},"end":{"line":33,"column":29}},"18":{"start":{"line":34,"column":12},"end":{"line":34,"column":44}},"19":{"start":{"line":34,"column":34},"end":{"line":34,"column":42}},"20":{"start":{"line":38,"column":4},"end":{"line":59,"column":6}}},"fnMap":{"0":{"name":"CreateReview","decl":{"start":{"line":6,"column":24},"end":{"line":6,"column":36}},"loc":{"start":{"line":6,"column":43},"end":{"line":60,"column":1}},"line":6},"1":{"name":"(anonymous_1)","decl":{"start":{"line":11,"column":25},"end":{"line":11,"column":26}},"loc":{"start":{"line":11,"column":32},"end":{"line":29,"column":5}},"line":11},"2":{"name":"(anonymous_2)","decl":{"start":{"line":31,"column":14},"end":{"line":31,"column":15}},"loc":{"start":{"line":31,"column":20},"end":{"line":36,"column":5}},"line":31},"3":{"name":"(anonymous_3)","decl":{"start":{"line":34,"column":23},"end":{"line":34,"column":24}},"loc":{"start":{"line":34,"column":34},"end":{"line":34,"column":42}},"line":34}},"branchMap":{"0":{"loc":{"start":{"line":15,"column":8},"end":{"line":17,"column":9}},"type":"if","locations":[{"start":{"line":15,"column":8},"end":{"line":17,"column":9}},{"start":{},"end":{}}],"line":15},"1":{"loc":{"start":{"line":18,"column":8},"end":{"line":22,"column":9}},"type":"if","locations":[{"start":{"line":18,"column":8},"end":{"line":22,"column":9}},{"start":{"line":20,"column":15},"end":{"line":22,"column":9}}],"line":18},"2":{"loc":{"start":{"line":32,"column":8},"end":{"line":35,"column":9}},"type":"if","locations":[{"start":{"line":32,"column":8},"end":{"line":35,"column":9}},{"start":{},"end":{}}],"line":32},"3":{"loc":{"start":{"line":55,"column":17},"end":{"line":55,"column":57}},"type":"binary-expr","locations":[{"start":{"line":55,"column":17},"end":{"line":55,"column":24}},{"start":{"line":55,"column":28},"end":{"line":55,"column":57}}],"line":55},"4":{"loc":{"start":{"line":56,"column":17},"end":{"line":56,"column":119}},"type":"binary-expr","locations":[{"start":{"line":56,"column":17},"end":{"line":56,"column":22}},{"start":{"line":56,"column":26},"end":{"line":56,"column":119}}],"line":56}},"s":{"0":0,"1":0,"2":0,"3":0,"4":0,"5":0,"6":0,"7":0,"8":0,"9":0,"10":0,"11":0,"12":0,"13":0,"14":0,"15":0,"16":0,"17":0,"18":0,"19":0,"20":0},"f":{"0":0,"1":0,"2":0,"3":0},"b":{"0":[0,0],"1":[0,0],"2":[0,0],"3":[0,0],"4":[0,0]}}
,"C:\\Code\\flexpath-final-project\\frontend\\src\\components\\Pages\\Collection\\Collection.jsx": {"path":"C:\\Code\\flexpath-final-project\\frontend\\src\\components\\Pages\\Collection\\Collection.jsx","statementMap":{"0":{"start":{"line":10,"column":31},"end":{"line":10,"column":54}},"1":{"start":{"line":11,"column":37},"end":{"line":11,"column":60}},"2":{"start":{"line":12,"column":30},"end":{"line":12,"column":42}},"3":{"start":{"line":13,"column":28},"end":{"line":13,"column":43}},"4":{"start":{"line":15,"column":19},"end":{"line":18,"column":5}},"5":{"start":{"line":16,"column":8},"end":{"line":16,"column":27}},"6":{"start":{"line":17,"column":8},"end":{"line":17,"column":31}},"7":{"start":{"line":17,"column":24},"end":{"line":17,"column":29}},"8":{"start":{"line":20,"column":24},"end":{"line":24,"column":5}},"9":{"start":{"line":21,"column":8},"end":{"line":21,"column":27}},"10":{"start":{"line":22,"column":19},"end":{"line":22,"column":37}},"11":{"start":{"line":23,"column":8},"end":{"line":23,"column":49}},"12":{"start":{"line":26,"column":4},"end":{"line":26,"column":56}},"13":{"start":{"line":26,"column":17},"end":{"line":26,"column":56}},"14":{"start":{"line":27,"column":4},"end":{"line":27,"column":95}},"15":{"start":{"line":27,"column":15},"end":{"line":27,"column":95}},"16":{"start":{"line":28,"column":4},"end":{"line":45,"column":6}}},"fnMap":{"0":{"name":"Collection","decl":{"start":{"line":9,"column":24},"end":{"line":9,"column":34}},"loc":{"start":{"line":9,"column":37},"end":{"line":46,"column":1}},"line":9},"1":{"name":"(anonymous_1)","decl":{"start":{"line":15,"column":19},"end":{"line":15,"column":20}},"loc":{"start":{"line":15,"column":26},"end":{"line":18,"column":5}},"line":15},"2":{"name":"(anonymous_2)","decl":{"start":{"line":17,"column":16},"end":{"line":17,"column":17}},"loc":{"start":{"line":17,"column":24},"end":{"line":17,"column":29}},"line":17},"3":{"name":"(anonymous_3)","decl":{"start":{"line":20,"column":24},"end":{"line":20,"column":25}},"loc":{"start":{"line":20,"column":31},"end":{"line":24,"column":5}},"line":20}},"branchMap":{"0":{"loc":{"start":{"line":26,"column":4},"end":{"line":26,"column":56}},"type":"if","locations":[{"start":{"line":26,"column":4},"end":{"line":26,"column":56}},{"start":{},"end":{}}],"line":26},"1":{"loc":{"start":{"line":27,"column":4},"end":{"line":27,"column":95}},"type":"if","locations":[{"start":{"line":27,"column":4},"end":{"line":27,"column":95}},{"start":{},"end":{}}],"line":27},"2":{"loc":{"start":{"line":34,"column":17},"end":{"line":38,"column":23}},"type":"binary-expr","locations":[{"start":{"line":34,"column":18},"end":{"line":34,"column":44}},{"start":{"line":34,"column":48},"end":{"line":34,"column":64}},{"start":{"line":35,"column":20},"end":{"line":38,"column":23}}],"line":34},"3":{"loc":{"start":{"line":36,"column":25},"end":{"line":36,"column":109}},"type":"binary-expr","locations":[{"start":{"line":36,"column":25},"end":{"line":36,"column":37}},{"start":{"line":36,"column":41},"end":{"line":36,"column":109}}],"line":36},"4":{"loc":{"start":{"line":37,"column":25},"end":{"line":37,"column":112}},"type":"binary-expr","locations":[{"start":{"line":37,"column":25},"end":{"line":37,"column":38}},{"start":{"line":37,"column":42},"end":{"line":37,"column":112}}],"line":37},"5":{"loc":{"start":{"line":42,"column":13},"end":{"line":42,"column":142}},"type":"binary-expr","locations":[{"start":{"line":42,"column":15},"end":{"line":42,"column":41}},{"start":{"line":42,"column":45},"end":{"line":42,"column":61}},{"start":{"line":42,"column":66},"end":{"line":42,"column":70}},{"start":{"line":42,"column":75},"end":{"line":42,"column":142}}],"line":42}},"s":{"0":0,"1":0,"2":0,"3":0,"4":0,"5":0,"6":0,"7":0,"8":0,"9":0,"10":0,"11":0,"12":0,"13":0,"14":0,"15":0,"16":0},"f":{"0":0,"1":0,"2":0,"3":0},"b":{"0":[0,0],"1":[0,0],"2":[0,0,0],"3":[0,0],"4":[0,0],"5":[0,0,0,0]}}
,"C:\\Code\\flexpath-final-project\\frontend\\src\\components\\Pages\\Collection\\CollectionBooksTable.jsx": {"path":"C:\\Code\\flexpath-final-project\\frontend\\src\\components\\Pages\\Collection\\CollectionBooksTable.jsx","statementMap":{"0":{"start":{"line":11,"column":52},"end":{"line":11,"column":75}},"1":{"start":{"line":12,"column":27},"end":{"line":12,"column":50}},"2":{"start":{"line":13,"column":27},"end":{"line":13,"column":40}},"3":{"start":{"line":14,"column":104},"end":{"line":14,"column":122}},"4":{"start":{"line":15,"column":4},"end":{"line":15,"column":39}},"5":{"start":{"line":17,"column":16},"end":{"line":17,"column":69}},"6":{"start":{"line":17,"column":31},"end":{"line":17,"column":61}},"7":{"start":{"line":18,"column":20},"end":{"line":18,"column":97}},"8":{"start":{"line":18,"column":35},"end":{"line":18,"column":86}},"9":{"start":{"line":19,"column":37},"end":{"line":19,"column":59}},"10":{"start":{"line":21,"column":28},"end":{"line":21,"column":64}},"11":{"start":{"line":22,"column":27},"end":{"line":22,"column":55}},"12":{"start":{"line":24,"column":24},"end":{"line":28,"column":5}},"13":{"start":{"line":25,"column":8},"end":{"line":25,"column":27}},"14":{"start":{"line":26,"column":23},"end":{"line":26,"column":55}},"15":{"start":{"line":27,"column":8},"end":{"line":27,"column":49}},"16":{"start":{"line":30,"column":23},"end":{"line":34,"column":5}},"17":{"start":{"line":31,"column":8},"end":{"line":31,"column":27}},"18":{"start":{"line":32,"column":23},"end":{"line":32,"column":55}},"19":{"start":{"line":33,"column":8},"end":{"line":33,"column":97}},"20":{"start":{"line":36,"column":4},"end":{"line":40,"column":37}},"21":{"start":{"line":37,"column":8},"end":{"line":39,"column":9}},"22":{"start":{"line":38,"column":12},"end":{"line":38,"column":44}},"23":{"start":{"line":38,"column":34},"end":{"line":38,"column":42}},"24":{"start":{"line":42,"column":23},"end":{"line":45,"column":5}},"25":{"start":{"line":43,"column":20},"end":{"line":43,"column":38}},"26":{"start":{"line":44,"column":8},"end":{"line":44,"column":80}},"27":{"start":{"line":47,"column":4},"end":{"line":87,"column":6}},"28":{"start":{"line":58,"column":28},"end":{"line":65,"column":29}},"29":{"start":{"line":59,"column":32},"end":{"line":64,"column":33}},"30":{"start":{"line":72,"column":24},"end":{"line":82,"column":26}},"31":{"start":{"line":75,"column":36},"end":{"line":77,"column":37}},"32":{"start":{"line":76,"column":40},"end":{"line":76,"column":125}}},"fnMap":{"0":{"name":"CollectionBooksTable","decl":{"start":{"line":10,"column":24},"end":{"line":10,"column":44}},"loc":{"start":{"line":10,"column":53},"end":{"line":88,"column":1}},"line":10},"1":{"name":"(anonymous_1)","decl":{"start":{"line":17,"column":24},"end":{"line":17,"column":25}},"loc":{"start":{"line":17,"column":31},"end":{"line":17,"column":61}},"line":17},"2":{"name":"(anonymous_2)","decl":{"start":{"line":18,"column":28},"end":{"line":18,"column":29}},"loc":{"start":{"line":18,"column":35},"end":{"line":18,"column":86}},"line":18},"3":{"name":"(anonymous_3)","decl":{"start":{"line":24,"column":24},"end":{"line":24,"column":25}},"loc":{"start":{"line":24,"column":31},"end":{"line":28,"column":5}},"line":24},"4":{"name":"(anonymous_4)","decl":{"start":{"line":30,"column":23},"end":{"line":30,"column":24}},"loc":{"start":{"line":30,"column":30},"end":{"line":34,"column":5}},"line":30},"5":{"name":"(anonymous_5)","decl":{"start":{"line":36,"column":14},"end":{"line":36,"column":15}},"loc":{"start":{"line":36,"column":20},"end":{"line":40,"column":5}},"line":36},"6":{"name":"(anonymous_6)","decl":{"start":{"line":38,"column":23},"end":{"line":38,"column":24}},"loc":{"start":{"line":38,"column":34},"end":{"line":38,"column":42}},"line":38},"7":{"name":"(anonymous_7)","decl":{"start":{"line":42,"column":23},"end":{"line":42,"column":24}},"loc":{"start":{"line":42,"column":30},"end":{"line":45,"column":5}},"line":42},"8":{"name":"(anonymous_8)","decl":{"start":{"line":57,"column":73},"end":{"line":57,"column":74}},"loc":{"start":{"line":57,"column":80},"end":{"line":66,"column":25}},"line":57},"9":{"name":"(anonymous_9)","decl":{"start":{"line":71,"column":62},"end":{"line":71,"column":63}},"loc":{"start":{"line":71,"column":68},"end":{"line":83,"column":21}},"line":71},"10":{"name":"(anonymous_10)","decl":{"start":{"line":74,"column":56},"end":{"line":74,"column":57}},"loc":{"start":{"line":74,"column":74},"end":{"line":78,"column":33}},"line":74}},"branchMap":{"0":{"loc":{"start":{"line":37,"column":8},"end":{"line":39,"column":9}},"type":"if","locations":[{"start":{"line":37,"column":8},"end":{"line":39,"column":9}},{"start":{},"end":{}}],"line":37},"1":{"loc":{"start":{"line":44,"column":34},"end":{"line":44,"column":77}},"type":"cond-expr","locations":[{"start":{"line":44,"column":53},"end":{"line":44,"column":64}},{"start":{"line":44,"column":67},"end":{"line":44,"column":77}}],"line":44},"2":{"loc":{"start":{"line":49,"column":13},"end":{"line":49,"column":53}},"type":"binary-expr","locations":[{"start":{"line":49,"column":13},"end":{"line":49,"column":20}},{"start":{"line":49,"column":24},"end":{"line":49,"column":53}}],"line":49},"3":{"loc":{"start":{"line":50,"column":13},"end":{"line":50,"column":90}},"type":"binary-expr","locations":[{"start":{"line":50,"column":13},"end":{"line":50,"column":18}},{"start":{"line":50,"column":22},"end":{"line":50,"column":90}}],"line":50},"4":{"loc":{"start":{"line":51,"column":13},"end":{"line":51,"column":96}},"type":"binary-expr","locations":[{"start":{"line":51,"column":14},"end":{"line":51,"column":20}},{"start":{"line":51,"column":24},"end":{"line":51,"column":60}},{"start":{"line":51,"column":65},"end":{"line":51,"column":96}}],"line":51},"5":{"loc":{"start":{"line":52,"column":13},"end":{"line":52,"column":77}},"type":"binary-expr","locations":[{"start":{"line":52,"column":13},"end":{"line":52,"column":30}},{"start":{"line":52,"column":34},"end":{"line":52,"column":77}}],"line":52},"6":{"loc":{"start":{"line":53,"column":13},"end":{"line":53,"column":123}},"type":"binary-expr","locations":[{"start":{"line":53,"column":13},"end":{"line":53,"column":28}},{"start":{"line":53,"column":32},"end":{"line":53,"column":123}}],"line":53},"7":{"loc":{"start":{"line":57,"column":25},"end":{"line":66,"column":26}},"type":"binary-expr","locations":[{"start":{"line":57,"column":25},"end":{"line":57,"column":38}},{"start":{"line":57,"column":42},"end":{"line":66,"column":26}}],"line":57},"8":{"loc":{"start":{"line":58,"column":28},"end":{"line":65,"column":29}},"type":"if","locations":[{"start":{"line":58,"column":28},"end":{"line":65,"column":29}},{"start":{},"end":{}}],"line":58},"9":{"loc":{"start":{"line":58,"column":32},"end":{"line":58,"column":125}},"type":"binary-expr","locations":[{"start":{"line":58,"column":32},"end":{"line":58,"column":43}},{"start":{"line":58,"column":47},"end":{"line":58,"column":64}},{"start":{"line":58,"column":68},"end":{"line":58,"column":85}},{"start":{"line":58,"column":89},"end":{"line":58,"column":105}},{"start":{"line":58,"column":109},"end":{"line":58,"column":125}}],"line":58},"10":{"loc":{"start":{"line":67,"column":25},"end":{"line":67,"column":121}},"type":"binary-expr","locations":[{"start":{"line":67,"column":26},"end":{"line":67,"column":39}},{"start":{"line":67,"column":44},"end":{"line":67,"column":80}},{"start":{"line":67,"column":84},"end":{"line":67,"column":100}},{"start":{"line":67,"column":106},"end":{"line":67,"column":121}}],"line":67},"11":{"loc":{"start":{"line":71,"column":21},"end":{"line":83,"column":22}},"type":"binary-expr","locations":[{"start":{"line":71,"column":21},"end":{"line":71,"column":31}},{"start":{"line":71,"column":35},"end":{"line":83,"column":22}}],"line":71},"12":{"loc":{"start":{"line":75,"column":36},"end":{"line":77,"column":37}},"type":"if","locations":[{"start":{"line":75,"column":36},"end":{"line":77,"column":37}},{"start":{},"end":{}}],"line":75},"13":{"loc":{"start":{"line":75,"column":40},"end":{"line":75,"column":133}},"type":"binary-expr","locations":[{"start":{"line":75,"column":40},"end":{"line":75,"column":51}},{"start":{"line":75,"column":55},"end":{"line":75,"column":72}},{"start":{"line":75,"column":76},"end":{"line":75,"column":93}},{"start":{"line":75,"column":97},"end":{"line":75,"column":113}},{"start":{"line":75,"column":117},"end":{"line":75,"column":133}}],"line":75},"14":{"loc":{"start":{"line":80,"column":33},"end":{"line":80,"column":158}},"type":"binary-expr","locations":[{"start":{"line":80,"column":34},"end":{"line":80,"column":62}},{"start":{"line":80,"column":66},"end":{"line":80,"column":82}},{"start":{"line":80,"column":87},"end":{"line":80,"column":158}}],"line":80}},"s":{"0":0,"1":0,"2":0,"3":0,"4":0,"5":0,"6":0,"7":0,"8":0,"9":0,"10":0,"11":0,"12":0,"13":0,"14":0,"15":0,"16":0,"17":0,"18":0,"19":0,"20":0,"21":0,"22":0,"23":0,"24":0,"25":0,"26":0,"27":0,"28":0,"29":0,"30":0,"31":0,"32":0},"f":{"0":0,"1":0,"2":0,"3":0,"4":0,"5":0,"6":0,"7":0,"8":0,"9":0,"10":0},"b":{"0":[0,0],"1":[0,0],"2":[0,0],"3":[0,0],"4":[0,0,0],"5":[0,0],"6":[0,0],"7":[0,0],"8":[0,0],"9":[0,0,0,0,0],"10":[0,0,0,0],"11":[0,0],"12":[0,0],"13":[0,0,0,0,0],"14":[0,0,0]}}
,"C:\\Code\\flexpath-final-project\\frontend\\src\\components\\Pages\\Collection\\CollectionManager.jsx": {"path":"C:\\Code\\flexpath-final-project\\frontend\\src\\components\\Pages\\Collection\\CollectionManager.jsx","statementMap":{"0":{"start":{"line":9,"column":27},"end":{"line":9,"column":50}},"1":{"start":{"line":10,"column":21},"end":{"line":10,"column":34}},"2":{"start":{"line":11,"column":27},"end":{"line":11,"column":40}},"3":{"start":{"line":12,"column":52},"end":{"line":12,"column":70}},"4":{"start":{"line":13,"column":136},"end":{"line":13,"column":154}},"5":{"start":{"line":14,"column":4},"end":{"line":14,"column":28}},"6":{"start":{"line":15,"column":4},"end":{"line":15,"column":45}},"7":{"start":{"line":17,"column":25},"end":{"line":32,"column":5}},"8":{"start":{"line":18,"column":8},"end":{"line":18,"column":27}},"9":{"start":{"line":20,"column":23},"end":{"line":20,"column":25}},"10":{"start":{"line":21,"column":8},"end":{"line":23,"column":9}},"11":{"start":{"line":22,"column":12},"end":{"line":22,"column":67}},"12":{"start":{"line":24,"column":8},"end":{"line":26,"column":9}},"13":{"start":{"line":25,"column":12},"end":{"line":25,"column":81}},"14":{"start":{"line":28,"column":8},"end":{"line":28,"column":61}},"15":{"start":{"line":30,"column":8},"end":{"line":30,"column":51}},"16":{"start":{"line":31,"column":8},"end":{"line":31,"column":58}},"17":{"start":{"line":34,"column":4},"end":{"line":38,"column":27}},"18":{"start":{"line":35,"column":8},"end":{"line":37,"column":9}},"19":{"start":{"line":36,"column":12},"end":{"line":36,"column":44}},"20":{"start":{"line":36,"column":34},"end":{"line":36,"column":42}},"21":{"start":{"line":40,"column":31},"end":{"line":42,"column":5}},"22":{"start":{"line":41,"column":8},"end":{"line":41,"column":61}},"23":{"start":{"line":44,"column":4},"end":{"line":48,"column":53}},"24":{"start":{"line":45,"column":8},"end":{"line":47,"column":9}},"25":{"start":{"line":46,"column":12},"end":{"line":46,"column":65}},"26":{"start":{"line":50,"column":4},"end":{"line":76,"column":6}}},"fnMap":{"0":{"name":"CollectionManager","decl":{"start":{"line":8,"column":24},"end":{"line":8,"column":41}},"loc":{"start":{"line":8,"column":50},"end":{"line":77,"column":1}},"line":8},"1":{"name":"(anonymous_1)","decl":{"start":{"line":17,"column":25},"end":{"line":17,"column":26}},"loc":{"start":{"line":17,"column":32},"end":{"line":32,"column":5}},"line":17},"2":{"name":"(anonymous_2)","decl":{"start":{"line":34,"column":14},"end":{"line":34,"column":15}},"loc":{"start":{"line":34,"column":20},"end":{"line":38,"column":5}},"line":34},"3":{"name":"(anonymous_3)","decl":{"start":{"line":36,"column":23},"end":{"line":36,"column":24}},"loc":{"start":{"line":36,"column":34},"end":{"line":36,"column":42}},"line":36},"4":{"name":"(anonymous_4)","decl":{"start":{"line":40,"column":31},"end":{"line":40,"column":32}},"loc":{"start":{"line":40,"column":37},"end":{"line":42,"column":5}},"line":40},"5":{"name":"(anonymous_5)","decl":{"start":{"line":44,"column":14},"end":{"line":44,"column":15}},"loc":{"start":{"line":44,"column":20},"end":{"line":48,"column":5}},"line":44}},"branchMap":{"0":{"loc":{"start":{"line":21,"column":8},"end":{"line":23,"column":9}},"type":"if","locations":[{"start":{"line":21,"column":8},"end":{"line":23,"column":9}},{"start":{},"end":{}}],"line":21},"1":{"loc":{"start":{"line":24,"column":8},"end":{"line":26,"column":9}},"type":"if","locations":[{"start":{"line":24,"column":8},"end":{"line":26,"column":9}},{"start":{},"end":{}}],"line":24},"2":{"loc":{"start":{"line":35,"column":8},"end":{"line":37,"column":9}},"type":"if","locations":[{"start":{"line":35,"column":8},"end":{"line":37,"column":9}},{"start":{},"end":{}}],"line":35},"3":{"loc":{"start":{"line":45,"column":8},"end":{"line":47,"column":9}},"type":"if","locations":[{"start":{"line":45,"column":8},"end":{"line":47,"column":9}},{"start":{},"end":{}}],"line":45},"4":{"loc":{"start":{"line":69,"column":21},"end":{"line":69,"column":65}},"type":"binary-expr","locations":[{"start":{"line":69,"column":21},"end":{"line":69,"column":28}},{"start":{"line":69,"column":32},"end":{"line":69,"column":65}}],"line":69},"5":{"loc":{"start":{"line":70,"column":21},"end":{"line":70,"column":127}},"type":"binary-expr","locations":[{"start":{"line":70,"column":21},"end":{"line":70,"column":26}},{"start":{"line":70,"column":30},"end":{"line":70,"column":127}}],"line":70},"6":{"loc":{"start":{"line":71,"column":21},"end":{"line":71,"column":81}},"type":"binary-expr","locations":[{"start":{"line":71,"column":21},"end":{"line":71,"column":44}},{"start":{"line":71,"column":48},"end":{"line":71,"column":81}}],"line":71},"7":{"loc":{"start":{"line":72,"column":21},"end":{"line":72,"column":143}},"type":"binary-expr","locations":[{"start":{"line":72,"column":21},"end":{"line":72,"column":42}},{"start":{"line":72,"column":46},"end":{"line":72,"column":143}}],"line":72}},"s":{"0":0,"1":0,"2":0,"3":0,"4":0,"5":0,"6":0,"7":0,"8":0,"9":0,"10":0,"11":0,"12":0,"13":0,"14":0,"15":0,"16":0,"17":0,"18":0,"19":0,"20":0,"21":0,"22":0,"23":0,"24":0,"25":0,"26":0},"f":{"0":0,"1":0,"2":0,"3":0,"4":0,"5":0},"b":{"0":[0,0],"1":[0,0],"2":[0,0],"3":[0,0],"4":[0,0],"5":[0,0],"6":[0,0],"7":[0,0]}}
,"C:\\Code\\flexpath-final-project\\frontend\\src\\components\\Pages\\Profile\\CreateCollection.jsx": {"path":"C:\\Code\\flexpath-final-project\\frontend\\src\\components\\Pages\\Profile\\CreateCollection.jsx","statementMap":{"0":{"start":{"line":7,"column":27},"end":{"line":7,"column":50}},"1":{"start":{"line":8,"column":52},"end":{"line":8,"column":70}},"2":{"start":{"line":9,"column":4},"end":{"line":9,"column":29}},"3":{"start":{"line":11,"column":25},"end":{"line":37,"column":5}},"4":{"start":{"line":12,"column":8},"end":{"line":12,"column":27}},"5":{"start":{"line":14,"column":8},"end":{"line":14,"column":62}},"6":{"start":{"line":15,"column":23},"end":{"line":15,"column":82}},"7":{"start":{"line":16,"column":8},"end":{"line":18,"column":9}},"8":{"start":{"line":17,"column":12},"end":{"line":17,"column":81}},"9":{"start":{"line":19,"column":8},"end":{"line":23,"column":9}},"10":{"start":{"line":20,"column":12},"end":{"line":20,"column":38}},"11":{"start":{"line":22,"column":12},"end":{"line":22,"column":39}},"12":{"start":{"line":24,"column":8},"end":{"line":28,"column":9}},"13":{"start":{"line":25,"column":12},"end":{"line":25,"column":37}},"14":{"start":{"line":27,"column":12},"end":{"line":27,"column":38}},"15":{"start":{"line":29,"column":8},"end":{"line":29,"column":27}},"16":{"start":{"line":31,"column":8},"end":{"line":31,"column":56}},"17":{"start":{"line":33,"column":8},"end":{"line":33,"column":61}},"18":{"start":{"line":34,"column":8},"end":{"line":34,"column":58}},"19":{"start":{"line":35,"column":8},"end":{"line":35,"column":60}},"20":{"start":{"line":36,"column":8},"end":{"line":36,"column":59}},"21":{"start":{"line":39,"column":4},"end":{"line":43,"column":27}},"22":{"start":{"line":40,"column":8},"end":{"line":42,"column":9}},"23":{"start":{"line":41,"column":12},"end":{"line":41,"column":44}},"24":{"start":{"line":41,"column":34},"end":{"line":41,"column":42}},"25":{"start":{"line":45,"column":4},"end":{"line":72,"column":6}}},"fnMap":{"0":{"name":"CreateCollection","decl":{"start":{"line":6,"column":24},"end":{"line":6,"column":40}},"loc":{"start":{"line":6,"column":43},"end":{"line":73,"column":1}},"line":6},"1":{"name":"(anonymous_1)","decl":{"start":{"line":11,"column":25},"end":{"line":11,"column":26}},"loc":{"start":{"line":11,"column":32},"end":{"line":37,"column":5}},"line":11},"2":{"name":"(anonymous_2)","decl":{"start":{"line":39,"column":14},"end":{"line":39,"column":15}},"loc":{"start":{"line":39,"column":20},"end":{"line":43,"column":5}},"line":39},"3":{"name":"(anonymous_3)","decl":{"start":{"line":41,"column":23},"end":{"line":41,"column":24}},"loc":{"start":{"line":41,"column":34},"end":{"line":41,"column":42}},"line":41}},"branchMap":{"0":{"loc":{"start":{"line":16,"column":8},"end":{"line":18,"column":9}},"type":"if","locations":[{"start":{"line":16,"column":8},"end":{"line":18,"column":9}},{"start":{},"end":{}}],"line":16},"1":{"loc":{"start":{"line":19,"column":8},"end":{"line":23,"column":9}},"type":"if","locations":[{"start":{"line":19,"column":8},"end":{"line":23,"column":9}},{"start":{"line":21,"column":15},"end":{"line":23,"column":9}}],"line":19},"2":{"loc":{"start":{"line":24,"column":8},"end":{"line":28,"column":9}},"type":"if","locations":[{"start":{"line":24,"column":8},"end":{"line":28,"column":9}},{"start":{"line":26,"column":15},"end":{"line":28,"column":9}}],"line":24},"3":{"loc":{"start":{"line":40,"column":8},"end":{"line":42,"column":9}},"type":"if","locations":[{"start":{"line":40,"column":8},"end":{"line":42,"column":9}},{"start":{},"end":{}}],"line":40},"4":{"loc":{"start":{"line":67,"column":21},"end":{"line":67,"column":65}},"type":"binary-expr","locations":[{"start":{"line":67,"column":21},"end":{"line":67,"column":28}},{"start":{"line":67,"column":32},"end":{"line":67,"column":65}}],"line":67},"5":{"loc":{"start":{"line":68,"column":21},"end":{"line":68,"column":127}},"type":"binary-expr","locations":[{"start":{"line":68,"column":21},"end":{"line":68,"column":26}},{"start":{"line":68,"column":30},"end":{"line":68,"column":127}}],"line":68}},"s":{"0":0,"1":0,"2":0,"3":0,"4":0,"5":0,"6":0,"7":0,"8":0,"9":0,"10":0,"11":0,"12":0,"13":0,"14":0,"15":0,"16":0,"17":0,"18":0,"19":0,"20":0,"21":0,"22":0,"23":0,"24":0,"25":0},"f":{"0":0,"1":0,"2":0,"3":0},"b":{"0":[0,0],"1":[0,0],"2":[0,0],"3":[0,0],"4":[0,0],"5":[0,0]}}
,"C:\\Code\\flexpath-final-project\\frontend\\src\\components\\Pages\\Profile\\FavoriteCollection.jsx": {"path":"C:\\Code\\flexpath-final-project\\frontend\\src\\components\\Pages\\Profile\\FavoriteCollection.jsx","statementMap":{"0":{"start":{"line":5,"column":30},"end":{"line":5,"column":48}},"1":{"start":{"line":7,"column":27},"end":{"line":19,"column":5}},"2":{"start":{"line":8,"column":8},"end":{"line":8,"column":27}},"3":{"start":{"line":10,"column":8},"end":{"line":16,"column":9}},"4":{"start":{"line":11,"column":12},"end":{"line":11,"column":25}},"5":{"start":{"line":12,"column":12},"end":{"line":12,"column":57}},"6":{"start":{"line":14,"column":12},"end":{"line":14,"column":24}},"7":{"start":{"line":15,"column":12},"end":{"line":15,"column":62}},"8":{"start":{"line":18,"column":8},"end":{"line":18,"column":71}},"9":{"start":{"line":21,"column":4},"end":{"line":26,"column":6}}},"fnMap":{"0":{"name":"FavoriteCollection","decl":{"start":{"line":4,"column":24},"end":{"line":4,"column":42}},"loc":{"start":{"line":4,"column":61},"end":{"line":27,"column":1}},"line":4},"1":{"name":"(anonymous_1)","decl":{"start":{"line":7,"column":27},"end":{"line":7,"column":28}},"loc":{"start":{"line":7,"column":34},"end":{"line":19,"column":5}},"line":7}},"branchMap":{"0":{"loc":{"start":{"line":10,"column":8},"end":{"line":16,"column":9}},"type":"if","locations":[{"start":{"line":10,"column":8},"end":{"line":16,"column":9}},{"start":{"line":13,"column":15},"end":{"line":16,"column":9}}],"line":10},"1":{"loc":{"start":{"line":23,"column":13},"end":{"line":23,"column":105}},"type":"binary-expr","locations":[{"start":{"line":23,"column":13},"end":{"line":23,"column":21}},{"start":{"line":23,"column":25},"end":{"line":23,"column":105}}],"line":23},"2":{"loc":{"start":{"line":24,"column":13},"end":{"line":24,"column":101}},"type":"binary-expr","locations":[{"start":{"line":24,"column":13},"end":{"line":24,"column":22}},{"start":{"line":24,"column":26},"end":{"line":24,"column":101}}],"line":24}},"s":{"0":0,"1":0,"2":0,"3":0,"4":0,"5":0,"6":0,"7":0,"8":0,"9":0},"f":{"0":0,"1":0},"b":{"0":[0,0],"1":[0,0],"2":[0,0]}}
,"C:\\Code\\flexpath-final-project\\frontend\\src\\components\\Pages\\Profile\\Login.jsx": {"path":"C:\\Code\\flexpath-final-project\\frontend\\src\\components\\Pages\\Profile\\Login.jsx","statementMap":{"0":{"start":{"line":7,"column":42},"end":{"line":7,"column":65}},"1":{"start":{"line":8,"column":43},"end":{"line":8,"column":61}},"2":{"start":{"line":9,"column":4},"end":{"line":9,"column":29}},"3":{"start":{"line":11,"column":4},"end":{"line":16,"column":25}},"4":{"start":{"line":12,"column":8},"end":{"line":15,"column":9}},"5":{"start":{"line":13,"column":12},"end":{"line":13,"column":72}},"6":{"start":{"line":14,"column":12},"end":{"line":14,"column":45}},"7":{"start":{"line":18,"column":25},"end":{"line":26,"column":5}},"8":{"start":{"line":19,"column":8},"end":{"line":19,"column":27}},"9":{"start":{"line":20,"column":25},"end":{"line":20,"column":66}},"10":{"start":{"line":21,"column":25},"end":{"line":21,"column":66}},"11":{"start":{"line":23,"column":8},"end":{"line":23,"column":103}},"12":{"start":{"line":24,"column":8},"end":{"line":24,"column":55}},"13":{"start":{"line":25,"column":8},"end":{"line":25,"column":55}},"14":{"start":{"line":28,"column":4},"end":{"line":40,"column":6}}},"fnMap":{"0":{"name":"Login","decl":{"start":{"line":6,"column":24},"end":{"line":6,"column":29}},"loc":{"start":{"line":6,"column":32},"end":{"line":41,"column":1}},"line":6},"1":{"name":"(anonymous_1)","decl":{"start":{"line":11,"column":14},"end":{"line":11,"column":15}},"loc":{"start":{"line":11,"column":20},"end":{"line":16,"column":5}},"line":11},"2":{"name":"(anonymous_2)","decl":{"start":{"line":18,"column":25},"end":{"line":18,"column":26}},"loc":{"start":{"line":18,"column":32},"end":{"line":26,"column":5}},"line":18}},"branchMap":{"0":{"loc":{"start":{"line":12,"column":8},"end":{"line":15,"column":9}},"type":"if","locations":[{"start":{"line":12,"column":8},"end":{"line":15,"column":9}},{"start":{},"end":{}}],"line":12},"1":{"loc":{"start":{"line":35,"column":21},"end":{"line":35,"column":107}},"type":"binary-expr","locations":[{"start":{"line":35,"column":21},"end":{"line":35,"column":26}},{"start":{"line":35,"column":30},"end":{"line":35,"column":107}}],"line":35},"2":{"loc":{"start":{"line":36,"column":21},"end":{"line":36,"column":97}},"type":"binary-expr","locations":[{"start":{"line":36,"column":21},"end":{"line":36,"column":36}},{"start":{"line":36,"column":40},"end":{"line":36,"column":97}}],"line":36}},"s":{"0":0,"1":0,"2":0,"3":0,"4":0,"5":0,"6":0,"7":0,"8":0,"9":0,"10":0,"11":0,"12":0,"13":0,"14":0},"f":{"0":0,"1":0,"2":0},"b":{"0":[0,0],"1":[0,0],"2":[0,0]}}
,"C:\\Code\\flexpath-final-project\\frontend\\src\\components\\Pages\\Profile\\Profile.jsx": {"path":"C:\\Code\\flexpath-final-project\\frontend\\src\\components\\Pages\\Profile\\Profile.jsx","statementMap":{"0":{"start":{"line":10,"column":22},"end":{"line":10,"column":45}},"1":{"start":{"line":12,"column":4},"end":{"line":19,"column":6}}},"fnMap":{"0":{"name":"Profile","decl":{"start":{"line":9,"column":24},"end":{"line":9,"column":31}},"loc":{"start":{"line":9,"column":34},"end":{"line":20,"column":1}},"line":9}},"branchMap":{"0":{"loc":{"start":{"line":14,"column":13},"end":{"line":14,"column":32}},"type":"binary-expr","locations":[{"start":{"line":14,"column":13},"end":{"line":14,"column":19}},{"start":{"line":14,"column":23},"end":{"line":14,"column":32}}],"line":14},"1":{"loc":{"start":{"line":15,"column":13},"end":{"line":15,"column":30}},"type":"binary-expr","locations":[{"start":{"line":15,"column":13},"end":{"line":15,"column":18}},{"start":{"line":15,"column":22},"end":{"line":15,"column":30}}],"line":15},"2":{"loc":{"start":{"line":16,"column":13},"end":{"line":16,"column":41}},"type":"binary-expr","locations":[{"start":{"line":16,"column":13},"end":{"line":16,"column":18}},{"start":{"line":16,"column":22},"end":{"line":16,"column":41}}],"line":16},"3":{"loc":{"start":{"line":17,"column":13},"end":{"line":17,"column":42}},"type":"binary-expr","locations":[{"start":{"line":17,"column":13},"end":{"line":17,"column":18}},{"start":{"line":17,"column":22},"end":{"line":17,"column":42}}],"line":17}},"s":{"0":0,"1":0},"f":{"0":0},"b":{"0":[0,0],"1":[0,0],"2":[0,0],"3":[0,0]}}
,"C:\\Code\\flexpath-final-project\\frontend\\src\\components\\Pages\\Profile\\User.jsx": {"path":"C:\\Code\\flexpath-final-project\\frontend\\src\\components\\Pages\\Profile\\User.jsx","statementMap":{"0":{"start":{"line":6,"column":54},"end":{"line":6,"column":77}},"1":{"start":{"line":8,"column":20},"end":{"line":8,"column":52}},"2":{"start":{"line":8,"column":34},"end":{"line":8,"column":47}},"3":{"start":{"line":9,"column":20},"end":{"line":9,"column":58}},"4":{"start":{"line":9,"column":34},"end":{"line":9,"column":53}},"5":{"start":{"line":10,"column":20},"end":{"line":10,"column":97}},"6":{"start":{"line":10,"column":35},"end":{"line":10,"column":86}},"7":{"start":{"line":11,"column":71},"end":{"line":11,"column":97}},"8":{"start":{"line":12,"column":71},"end":{"line":12,"column":97}},"9":{"start":{"line":14,"column":4},"end":{"line":19,"column":32}},"10":{"start":{"line":15,"column":8},"end":{"line":18,"column":9}},"11":{"start":{"line":16,"column":12},"end":{"line":16,"column":64}},"12":{"start":{"line":17,"column":12},"end":{"line":17,"column":43}},"13":{"start":{"line":21,"column":4},"end":{"line":26,"column":28}},"14":{"start":{"line":22,"column":8},"end":{"line":25,"column":9}},"15":{"start":{"line":23,"column":12},"end":{"line":23,"column":54}},"16":{"start":{"line":24,"column":12},"end":{"line":24,"column":33}},"17":{"start":{"line":29,"column":4},"end":{"line":35,"column":6}}},"fnMap":{"0":{"name":"User","decl":{"start":{"line":5,"column":24},"end":{"line":5,"column":28}},"loc":{"start":{"line":5,"column":31},"end":{"line":36,"column":1}},"line":5},"1":{"name":"(anonymous_1)","decl":{"start":{"line":8,"column":28},"end":{"line":8,"column":29}},"loc":{"start":{"line":8,"column":34},"end":{"line":8,"column":47}},"line":8},"2":{"name":"(anonymous_2)","decl":{"start":{"line":9,"column":28},"end":{"line":9,"column":29}},"loc":{"start":{"line":9,"column":34},"end":{"line":9,"column":53}},"line":9},"3":{"name":"(anonymous_3)","decl":{"start":{"line":10,"column":28},"end":{"line":10,"column":29}},"loc":{"start":{"line":10,"column":35},"end":{"line":10,"column":86}},"line":10},"4":{"name":"(anonymous_4)","decl":{"start":{"line":14,"column":14},"end":{"line":14,"column":15}},"loc":{"start":{"line":14,"column":20},"end":{"line":19,"column":5}},"line":14},"5":{"name":"(anonymous_5)","decl":{"start":{"line":21,"column":14},"end":{"line":21,"column":15}},"loc":{"start":{"line":21,"column":20},"end":{"line":26,"column":5}},"line":21}},"branchMap":{"0":{"loc":{"start":{"line":15,"column":8},"end":{"line":18,"column":9}},"type":"if","locations":[{"start":{"line":15,"column":8},"end":{"line":18,"column":9}},{"start":{},"end":{}}],"line":15},"1":{"loc":{"start":{"line":22,"column":8},"end":{"line":25,"column":9}},"type":"if","locations":[{"start":{"line":22,"column":8},"end":{"line":25,"column":9}},{"start":{},"end":{}}],"line":22},"2":{"loc":{"start":{"line":31,"column":13},"end":{"line":31,"column":91}},"type":"binary-expr","locations":[{"start":{"line":31,"column":14},"end":{"line":31,"column":25}},{"start":{"line":31,"column":29},"end":{"line":31,"column":40}},{"start":{"line":31,"column":45},"end":{"line":31,"column":91}}],"line":31},"3":{"loc":{"start":{"line":32,"column":13},"end":{"line":32,"column":109}},"type":"binary-expr","locations":[{"start":{"line":32,"column":14},"end":{"line":32,"column":23}},{"start":{"line":32,"column":27},"end":{"line":32,"column":36}},{"start":{"line":32,"column":41},"end":{"line":32,"column":109}}],"line":32},"4":{"loc":{"start":{"line":33,"column":13},"end":{"line":33,"column":133}},"type":"binary-expr","locations":[{"start":{"line":33,"column":14},"end":{"line":33,"column":24}},{"start":{"line":33,"column":28},"end":{"line":33,"column":38}},{"start":{"line":33,"column":42},"end":{"line":33,"column":50}},{"start":{"line":33,"column":55},"end":{"line":33,"column":133}}],"line":33}},"s":{"0":0,"1":0,"2":0,"3":0,"4":0,"5":0,"6":0,"7":0,"8":0,"9":0,"10":0,"11":0,"12":0,"13":0,"14":0,"15":0,"16":0,"17":0},"f":{"0":0,"1":0,"2":0,"3":0,"4":0,"5":0},"b":{"0":[0,0],"1":[0,0],"2":[0,0,0],"3":[0,0,0],"4":[0,0,0,0]}}
,"C:\\Code\\flexpath-final-project\\frontend\\src\\components\\Pages\\Profile\\UserCollections.jsx": {"path":"C:\\Code\\flexpath-final-project\\frontend\\src\\components\\Pages\\Profile\\UserCollections.jsx","statementMap":{"0":{"start":{"line":10,"column":22},"end":{"line":10,"column":45}},"1":{"start":{"line":11,"column":24},"end":{"line":11,"column":47}},"2":{"start":{"line":12,"column":27},"end":{"line":12,"column":40}},"3":{"start":{"line":14,"column":16},"end":{"line":14,"column":64}},"4":{"start":{"line":14,"column":30},"end":{"line":14,"column":59}},"5":{"start":{"line":15,"column":20},"end":{"line":15,"column":97}},"6":{"start":{"line":15,"column":35},"end":{"line":15,"column":86}},"7":{"start":{"line":16,"column":37},"end":{"line":16,"column":68}},"8":{"start":{"line":18,"column":28},"end":{"line":18,"column":64}},"9":{"start":{"line":19,"column":27},"end":{"line":19,"column":55}},"10":{"start":{"line":21,"column":24},"end":{"line":25,"column":5}},"11":{"start":{"line":22,"column":19},"end":{"line":22,"column":59}},"12":{"start":{"line":23,"column":8},"end":{"line":23,"column":27}},"13":{"start":{"line":24,"column":8},"end":{"line":24,"column":57}},"14":{"start":{"line":27,"column":23},"end":{"line":30,"column":5}},"15":{"start":{"line":28,"column":20},"end":{"line":28,"column":38}},"16":{"start":{"line":29,"column":8},"end":{"line":29,"column":82}},"17":{"start":{"line":32,"column":4},"end":{"line":66,"column":6}},"18":{"start":{"line":49,"column":24},"end":{"line":61,"column":26}}},"fnMap":{"0":{"name":"UserCollections","decl":{"start":{"line":9,"column":24},"end":{"line":9,"column":39}},"loc":{"start":{"line":9,"column":42},"end":{"line":67,"column":1}},"line":9},"1":{"name":"(anonymous_1)","decl":{"start":{"line":14,"column":24},"end":{"line":14,"column":25}},"loc":{"start":{"line":14,"column":30},"end":{"line":14,"column":59}},"line":14},"2":{"name":"(anonymous_2)","decl":{"start":{"line":15,"column":28},"end":{"line":15,"column":29}},"loc":{"start":{"line":15,"column":35},"end":{"line":15,"column":86}},"line":15},"3":{"name":"(anonymous_3)","decl":{"start":{"line":21,"column":24},"end":{"line":21,"column":25}},"loc":{"start":{"line":21,"column":31},"end":{"line":25,"column":5}},"line":21},"4":{"name":"(anonymous_4)","decl":{"start":{"line":27,"column":23},"end":{"line":27,"column":24}},"loc":{"start":{"line":27,"column":30},"end":{"line":30,"column":5}},"line":27},"5":{"name":"(anonymous_5)","decl":{"start":{"line":48,"column":62},"end":{"line":48,"column":63}},"loc":{"start":{"line":48,"column":68},"end":{"line":62,"column":21}},"line":48}},"branchMap":{"0":{"loc":{"start":{"line":29,"column":35},"end":{"line":29,"column":78}},"type":"cond-expr","locations":[{"start":{"line":29,"column":54},"end":{"line":29,"column":65}},{"start":{"line":29,"column":68},"end":{"line":29,"column":78}}],"line":29},"1":{"loc":{"start":{"line":44,"column":17},"end":{"line":44,"column":61}},"type":"binary-expr","locations":[{"start":{"line":44,"column":17},"end":{"line":44,"column":24}},{"start":{"line":44,"column":28},"end":{"line":44,"column":61}}],"line":44},"2":{"loc":{"start":{"line":45,"column":17},"end":{"line":45,"column":100}},"type":"binary-expr","locations":[{"start":{"line":45,"column":17},"end":{"line":45,"column":22}},{"start":{"line":45,"column":26},"end":{"line":45,"column":100}}],"line":45},"3":{"loc":{"start":{"line":46,"column":17},"end":{"line":46,"column":104}},"type":"binary-expr","locations":[{"start":{"line":46,"column":17},"end":{"line":46,"column":23}},{"start":{"line":46,"column":27},"end":{"line":46,"column":63}},{"start":{"line":46,"column":67},"end":{"line":46,"column":104}}],"line":46},"4":{"loc":{"start":{"line":48,"column":21},"end":{"line":62,"column":22}},"type":"binary-expr","locations":[{"start":{"line":48,"column":21},"end":{"line":48,"column":31}},{"start":{"line":48,"column":35},"end":{"line":62,"column":22}}],"line":48}},"s":{"0":0,"1":0,"2":0,"3":0,"4":0,"5":0,"6":0,"7":0,"8":0,"9":0,"10":0,"11":0,"12":0,"13":0,"14":0,"15":0,"16":0,"17":0,"18":0},"f":{"0":0,"1":0,"2":0,"3":0,"4":0,"5":0},"b":{"0":[0,0],"1":[0,0],"2":[0,0],"3":[0,0,0],"4":[0,0]}}
,"C:\\Code\\flexpath-final-project\\frontend\\src\\components\\Pages\\Review\\Review.jsx": {"path":"C:\\Code\\flexpath-final-project\\frontend\\src\\components\\Pages\\Review\\Review.jsx","statementMap":{"0":{"start":{"line":11,"column":38},"end":{"line":11,"column":61}},"1":{"start":{"line":12,"column":37},"end":{"line":12,"column":60}},"2":{"start":{"line":13,"column":30},"end":{"line":13,"column":42}},"3":{"start":{"line":14,"column":27},"end":{"line":14,"column":40}},"4":{"start":{"line":16,"column":16},"end":{"line":16,"column":71}},"5":{"start":{"line":16,"column":30},"end":{"line":16,"column":55}},"6":{"start":{"line":17,"column":20},"end":{"line":17,"column":97}},"7":{"start":{"line":17,"column":35},"end":{"line":17,"column":86}},"8":{"start":{"line":18,"column":31},"end":{"line":18,"column":53}},"9":{"start":{"line":20,"column":27},"end":{"line":23,"column":5}},"10":{"start":{"line":21,"column":8},"end":{"line":21,"column":27}},"11":{"start":{"line":22,"column":8},"end":{"line":22,"column":61}},"12":{"start":{"line":25,"column":24},"end":{"line":29,"column":5}},"13":{"start":{"line":26,"column":8},"end":{"line":26,"column":27}},"14":{"start":{"line":27,"column":19},"end":{"line":27,"column":37}},"15":{"start":{"line":28,"column":8},"end":{"line":28,"column":67}},"16":{"start":{"line":31,"column":4},"end":{"line":54,"column":6}}},"fnMap":{"0":{"name":"Review","decl":{"start":{"line":10,"column":24},"end":{"line":10,"column":30}},"loc":{"start":{"line":10,"column":33},"end":{"line":55,"column":1}},"line":10},"1":{"name":"(anonymous_1)","decl":{"start":{"line":16,"column":24},"end":{"line":16,"column":25}},"loc":{"start":{"line":16,"column":30},"end":{"line":16,"column":55}},"line":16},"2":{"name":"(anonymous_2)","decl":{"start":{"line":17,"column":28},"end":{"line":17,"column":29}},"loc":{"start":{"line":17,"column":35},"end":{"line":17,"column":86}},"line":17},"3":{"name":"(anonymous_3)","decl":{"start":{"line":20,"column":27},"end":{"line":20,"column":28}},"loc":{"start":{"line":20,"column":34},"end":{"line":23,"column":5}},"line":20},"4":{"name":"(anonymous_4)","decl":{"start":{"line":25,"column":24},"end":{"line":25,"column":25}},"loc":{"start":{"line":25,"column":31},"end":{"line":29,"column":5}},"line":25}},"branchMap":{"0":{"loc":{"start":{"line":33,"column":13},"end":{"line":51,"column":22}},"type":"binary-expr","locations":[{"start":{"line":33,"column":14},"end":{"line":33,"column":40}},{"start":{"line":33,"column":44},"end":{"line":33,"column":60}},{"start":{"line":34,"column":16},"end":{"line":51,"column":22}}],"line":33},"1":{"loc":{"start":{"line":35,"column":21},"end":{"line":35,"column":60}},"type":"binary-expr","locations":[{"start":{"line":35,"column":21},"end":{"line":35,"column":28}},{"start":{"line":35,"column":32},"end":{"line":35,"column":60}}],"line":35},"2":{"loc":{"start":{"line":36,"column":21},"end":{"line":36,"column":99}},"type":"binary-expr","locations":[{"start":{"line":36,"column":21},"end":{"line":36,"column":26}},{"start":{"line":36,"column":30},"end":{"line":36,"column":99}}],"line":36},"3":{"loc":{"start":{"line":47,"column":25},"end":{"line":47,"column":109}},"type":"binary-expr","locations":[{"start":{"line":47,"column":25},"end":{"line":47,"column":37}},{"start":{"line":47,"column":41},"end":{"line":47,"column":109}}],"line":47},"4":{"loc":{"start":{"line":48,"column":25},"end":{"line":48,"column":112}},"type":"binary-expr","locations":[{"start":{"line":48,"column":25},"end":{"line":48,"column":38}},{"start":{"line":48,"column":42},"end":{"line":48,"column":112}}],"line":48}},"s":{"0":0,"1":0,"2":0,"3":0,"4":0,"5":0,"6":0,"7":0,"8":0,"9":0,"10":0,"11":0,"12":0,"13":0,"14":0,"15":0,"16":0},"f":{"0":0,"1":0,"2":0,"3":0,"4":0},"b":{"0":[0,0,0],"1":[0,0],"2":[0,0],"3":[0,0],"4":[0,0]}}
,"C:\\Code\\flexpath-final-project\\frontend\\src\\components\\Pages\\Review\\ReviewManager.jsx": {"path":"C:\\Code\\flexpath-final-project\\frontend\\src\\components\\Pages\\Review\\ReviewManager.jsx","statementMap":{"0":{"start":{"line":10,"column":27},"end":{"line":10,"column":50}},"1":{"start":{"line":11,"column":21},"end":{"line":11,"column":34}},"2":{"start":{"line":12,"column":52},"end":{"line":12,"column":70}},"3":{"start":{"line":13,"column":124},"end":{"line":13,"column":142}},"4":{"start":{"line":14,"column":27},"end":{"line":14,"column":40}},"5":{"start":{"line":15,"column":4},"end":{"line":15,"column":29}},"6":{"start":{"line":16,"column":4},"end":{"line":16,"column":41}},"7":{"start":{"line":18,"column":25},"end":{"line":33,"column":5}},"8":{"start":{"line":19,"column":8},"end":{"line":19,"column":27}},"9":{"start":{"line":21,"column":23},"end":{"line":21,"column":25}},"10":{"start":{"line":22,"column":8},"end":{"line":24,"column":9}},"11":{"start":{"line":23,"column":12},"end":{"line":23,"column":71}},"12":{"start":{"line":25,"column":8},"end":{"line":27,"column":9}},"13":{"start":{"line":26,"column":12},"end":{"line":26,"column":73}},"14":{"start":{"line":29,"column":8},"end":{"line":29,"column":74}},"15":{"start":{"line":31,"column":8},"end":{"line":31,"column":53}},"16":{"start":{"line":32,"column":8},"end":{"line":32,"column":54}},"17":{"start":{"line":35,"column":4},"end":{"line":39,"column":27}},"18":{"start":{"line":36,"column":8},"end":{"line":38,"column":9}},"19":{"start":{"line":37,"column":12},"end":{"line":37,"column":44}},"20":{"start":{"line":37,"column":34},"end":{"line":37,"column":42}},"21":{"start":{"line":41,"column":31},"end":{"line":43,"column":5}},"22":{"start":{"line":42,"column":8},"end":{"line":42,"column":57}},"23":{"start":{"line":45,"column":4},"end":{"line":49,"column":57}},"24":{"start":{"line":46,"column":8},"end":{"line":48,"column":9}},"25":{"start":{"line":47,"column":12},"end":{"line":47,"column":53}},"26":{"start":{"line":51,"column":4},"end":{"line":77,"column":6}}},"fnMap":{"0":{"name":"ReviewManager","decl":{"start":{"line":9,"column":24},"end":{"line":9,"column":37}},"loc":{"start":{"line":9,"column":54},"end":{"line":78,"column":1}},"line":9},"1":{"name":"(anonymous_1)","decl":{"start":{"line":18,"column":25},"end":{"line":18,"column":26}},"loc":{"start":{"line":18,"column":32},"end":{"line":33,"column":5}},"line":18},"2":{"name":"(anonymous_2)","decl":{"start":{"line":35,"column":14},"end":{"line":35,"column":15}},"loc":{"start":{"line":35,"column":20},"end":{"line":39,"column":5}},"line":35},"3":{"name":"(anonymous_3)","decl":{"start":{"line":37,"column":23},"end":{"line":37,"column":24}},"loc":{"start":{"line":37,"column":34},"end":{"line":37,"column":42}},"line":37},"4":{"name":"(anonymous_4)","decl":{"start":{"line":41,"column":31},"end":{"line":41,"column":32}},"loc":{"start":{"line":41,"column":37},"end":{"line":43,"column":5}},"line":41},"5":{"name":"(anonymous_5)","decl":{"start":{"line":45,"column":14},"end":{"line":45,"column":15}},"loc":{"start":{"line":45,"column":20},"end":{"line":49,"column":5}},"line":45}},"branchMap":{"0":{"loc":{"start":{"line":22,"column":8},"end":{"line":24,"column":9}},"type":"if","locations":[{"start":{"line":22,"column":8},"end":{"line":24,"column":9}},{"start":{},"end":{}}],"line":22},"1":{"loc":{"start":{"line":25,"column":8},"end":{"line":27,"column":9}},"type":"if","locations":[{"start":{"line":25,"column":8},"end":{"line":27,"column":9}},{"start":{},"end":{}}],"line":25},"2":{"loc":{"start":{"line":36,"column":8},"end":{"line":38,"column":9}},"type":"if","locations":[{"start":{"line":36,"column":8},"end":{"line":38,"column":9}},{"start":{},"end":{}}],"line":36},"3":{"loc":{"start":{"line":46,"column":8},"end":{"line":48,"column":9}},"type":"if","locations":[{"start":{"line":46,"column":8},"end":{"line":48,"column":9}},{"start":{},"end":{}}],"line":46},"4":{"loc":{"start":{"line":69,"column":25},"end":{"line":69,"column":65}},"type":"binary-expr","locations":[{"start":{"line":69,"column":25},"end":{"line":69,"column":32}},{"start":{"line":69,"column":36},"end":{"line":69,"column":65}}],"line":69},"5":{"loc":{"start":{"line":70,"column":25},"end":{"line":70,"column":127}},"type":"binary-expr","locations":[{"start":{"line":70,"column":25},"end":{"line":70,"column":30}},{"start":{"line":70,"column":34},"end":{"line":70,"column":127}}],"line":70},"6":{"loc":{"start":{"line":71,"column":25},"end":{"line":71,"column":77}},"type":"binary-expr","locations":[{"start":{"line":71,"column":25},"end":{"line":71
[...]
,"C:\\Code\\flexpath-final-project\\frontend\\src\\hooks\\useCreateRequest.jsx": {"path":"C:\\Code\\flexpath-final-project\\frontend\\src\\hooks\\useCreateRequest.jsx","statementMap":{"0":{"start":{"line":6,"column":22},"end":{"line":6,"column":45}},"1":{"start":{"line":7,"column":26},"end":{"line":7,"column":36}},"2":{"start":{"line":8,"column":34},"end":{"line":8,"column":44}},"3":{"start":{"line":9,"column":37},"end":{"line":9,"column":59}},"4":{"start":{"line":11,"column":26},"end":{"line":23,"column":5}},"5":{"start":{"line":12,"column":8},"end":{"line":12,"column":23}},"6":{"start":{"line":13,"column":8},"end":{"line":22,"column":11}},"7":{"start":{"line":25,"column":4},"end":{"line":27,"column":6}}},"fnMap":{"0":{"name":"useCreateRequest","decl":{"start":{"line":5,"column":24},"end":{"line":5,"column":40}},"loc":{"start":{"line":5,"column":43},"end":{"line":28,"column":1}},"line":5},"1":{"name":"(anonymous_1)","decl":{"start":{"line":11,"column":26},"end":{"line":11,"column":27}},"loc":{"start":{"line":11,"column":54},"end":{"line":23,"column":5}},"line":11}},"branchMap":{},"s":{"0":3,"1":3,"2":3,"3":3,"4":3,"5":1,"6":1,"7":3},"f":{"0":3,"1":1},"b":{},"_coverageSchema":"1a1c01bbd47fc00a2c39e90264f33305004495a9","hash":"fbb12f74ff8b6223aab6cb18edfcab944a2bb111"}
,"C:\\Code\\flexpath-final-project\\frontend\\src\\hooks\\useFetch.jsx": {"path":"C:\\Code\\flexpath-final-project\\frontend\\src\\hooks\\useFetch.jsx","statementMap":{"0":{"start":{"line":7,"column":74},"end":{"line":7,"column":97}},"1":{"start":{"line":8,"column":21},"end":{"line":8,"column":34}},"2":{"start":{"line":9,"column":28},"end":{"line":9,"column":40}},"3":{"start":{"line":10,"column":34},"end":{"line":10,"column":49}},"4":{"start":{"line":11,"column":30},"end":{"line":11,"column":44}},"5":{"start":{"line":13,"column":4},"end":{"line":51,"column":101}},"6":{"start":{"line":14,"column":8},"end":{"line":14,"column":25}},"7":{"start":{"line":15,"column":8},"end":{"line":15,"column":23}},"8":{"start":{"line":18,"column":12},"end":{"line":47,"column":13}},"9":{"start":{"line":19,"column":16},"end":{"line":34,"column":17}},"10":{"start":{"line":20,"column":35},"end":{"line":20,"column":60}},"11":{"start":{"line":21,"column":20},"end":{"line":31,"column":21}},"12":{"start":{"line":22,"column":24},"end":{"line":22,"column":39}},"13":{"start":{"line":24,"column":24},"end":{"line":30,"column":25}},"14":{"start":{"line":25,"column":39},"end":{"line":25,"column":60}},"15":{"start":{"line":26,"column":28},"end":{"line":26,"column":42}},"16":{"start":{"line":28,"column":39},"end":{"line":28,"column":60}},"17":{"start":{"line":29,"column":28},"end":{"line":29,"column":42}},"18":{"start":{"line":33,"column":20},"end":{"line":33,"column":32}},"19":{"start":{"line":36,"column":16},"end":{"line":43,"column":17}},"20":{"start":{"line":37,"column":20},"end":{"line":37,"column":41}},"21":{"start":{"line":38,"column":20},"end":{"line":38,"column":38}},"22":{"start":{"line":39,"column":20},"end":{"line":39,"column":34}},"23":{"start":{"line":40,"column":20},"end":{"line":40,"column":35}},"24":{"start":{"line":41,"column":20},"end":{"line":41,"column":81}},"25":{"start":{"line":42,"column":20},"end":{"line":42,"column":41}},"26":{"start":{"line":44,"column":16},"end":{"line":44,"column":32}},"27":{"start":{"line":46,"column":16},"end":{"line":46,"column":34}},"28":{"start":{"line":49,"column":8},"end":{"line":49,"column":20}},"29":{"start":{"line":53,"column":4},"end":{"line":53,"column":35}}},"fnMap":{"0":{"name":"useFetch","decl":{"start":{"line":6,"column":24},"end":{"line":6,"column":32}},"loc":{"start":{"line":6,"column":56},"end":{"line":54,"column":1}},"line":6},"1":{"name":"(anonymous_1)","decl":{"start":{"line":13,"column":14},"end":{"line":13,"column":15}},"loc":{"start":{"line":13,"column":20},"end":{"line":51,"column":5}},"line":13},"2":{"name":"fetchData","decl":{"start":{"line":17,"column":23},"end":{"line":17,"column":32}},"loc":{"start":{"line":17,"column":35},"end":{"line":48,"column":9}},"line":17}},"branchMap":{"0":{"loc":{"start":{"line":19,"column":16},"end":{"line":34,"column":17}},"type":"if","locations":[{"start":{"line":19,"column":16},"end":{"line":34,"column":17}},{"start":{"line":32,"column":23},"end":{"line":34,"column":17}}],"line":19},"1":{"loc":{"start":{"line":19,"column":20},"end":{"line":19,"column":53}},"type":"binary-expr","locations":[{"start":{"line":19,"column":20},"end":{"line":19,"column":32}},{"start":{"line":19,"column":36},"end":{"line":19,"column":53}}],"line":19},"2":{"loc":{"start":{"line":21,"column":20},"end":{"line":31,"column":21}},"type":"if","locations":[{"start":{"line":21,"column":20},"end":{"line":31,"column":21}},{"start":{"line":23,"column":27},"end":{"line":31,"column":21}}],"line":21},"3":{"loc":{"start":{"line":24,"column":24},"end":{"line":30,"column":25}},"type":"if","locations":[{"start":{"line":24,"column":24},"end":{"line":30,"column":25}},{"start":{"line":27,"column":31},"end":{"line":30,"column":25}}],"line":24},"4":{"loc":{"start":{"line":36,"column":16},"end":{"line":43,"column":17}},"type":"if","locations":[{"start":{"line":36,"column":16},"end":{"line":43,"column":17}},{"start":{},"end":{}}],"line":36},"5":{"loc":{"start":{"line":36,"column":20},"end":{"line":36,"column":73}},"type":"binary-expr","locations":[{"start":{"line":36,"column":20},"end":{"line":36,"column":25}},{"start":{"line":36,"column":30},"end":{"line":36,"column":49}},{"start":{"line":36,"column":53},"end":{"line":36,"column":72}}],"line":36}},"s":{"0":0,"1":0,"2":0,"3":0,"4":0,"5":0,"6":0,"7":0,"8":0,"9":0,"10":0,"11":0,"12":0,"13":0,"14":0,"15":0,"16":0,"17":0,"18":0,"19":0,"20":0,"21":0,"22":0,"23":0,"24":0,"25":0,"26":0,"27":0,"28":0,"29":0},"f":{"0":0,"1":0,"2":0},"b":{"0":[0,0],"1":[0,0],"2":[0,0],"3":[0,0],"4":[0,0],"5":[0,0,0]},"_coverageSchema":"1a1c01bbd47fc00a2c39e90264f33305004495a9","hash":"83f7c688f4741275a52cadf1c7ba33661bfae883"}
,"C:\\Code\\flexpath-final-project\\frontend\\src\\hooks\\useLoadPage.jsx": {"path":"C:\\Code\\flexpath-final-project\\frontend\\src\\hooks\\useLoadPage.jsx","statementMap":{"0":{"start":{"line":8,"column":22},"end":{"line":8,"column":45}},"1":{"start":{"line":9,"column":35},"end":{"line":9,"column":58}},"2":{"start":{"line":10,"column":21},"end":{"line":10,"column":34}},"3":{"start":{"line":12,"column":23},"end":{"line":22,"column":5}},"4":{"start":{"line":13,"column":24},"end":{"line":13,"column":75}},"5":{"start":{"line":14,"column":8},"end":{"line":14,"column":20}},"6":{"start":{"line":15,"column":8},"end":{"line":15,"column":28}},"7":{"start":{"line":16,"column":8},"end":{"line":16,"column":41}},"8":{"start":{"line":17,"column":8},"end":{"line":17,"column":65}},"9":{"start":{"line":19,"column":8},"end":{"line":21,"column":9}},"10":{"start":{"line":20,"column":8},"end":{"line":20,"column":29}},"11":{"start":{"line":24,"column":4},"end":{"line":26,"column":6}}},"fnMap":{"0":{"name":"useLoadPage","decl":{"start":{"line":7,"column":24},"end":{"line":7,"column":35}},"loc":{"start":{"line":7,"column":38},"end":{"line":27,"column":1}},"line":7},"1":{"name":"(anonymous_1)","decl":{"start":{"line":12,"column":23},"end":{"line":12,"column":24}},"loc":{"start":{"line":12,"column":38},"end":{"line":22,"column":5}},"line":12}},"branchMap":{"0":{"loc":{"start":{"line":19,"column":8},"end":{"line":21,"column":9}},"type":"if","locations":[{"start":{"line":19,"column":8},"end":{"line":21,"column":9}},{"start":{},"end":{}}],"line":19}},"s":{"0":2,"1":2,"2":2,"3":2,"4":2,"5":2,"6":2,"7":2,"8":2,"9":2,"10":1,"11":2},"f":{"0":2,"1":2},"b":{"0":[1,1]},"_coverageSchema":"1a1c01bbd47fc00a2c39e90264f33305004495a9","hash":"5b053064af762f62a99b630281a1c274a4ed3250"}
,"C:\\Code\\flexpath-final-project\\frontend\\src\\hooks\\useMessageTimeout.jsx": {"path":"C:\\Code\\flexpath-final-project\\frontend\\src\\hooks\\useMessageTimeout.jsx","statementMap":{"0":{"start":{"line":5,"column":4},"end":{"line":19,"column":21}},"1":{"start":{"line":6,"column":24},"end":{"line":13,"column":16}},"2":{"start":{"line":7,"column":12},"end":{"line":9,"column":13}},"3":{"start":{"line":8,"column":16},"end":{"line":8,"column":76}},"4":{"start":{"line":10,"column":12},"end":{"line":12,"column":13}},"5":{"start":{"line":11,"column":16},"end":{"line":11,"column":75}},"6":{"start":{"line":15,"column":8},"end":{"line":17,"column":9}},"7":{"start":{"line":16,"column":12},"end":{"line":16,"column":34}}},"fnMap":{"0":{"name":"useMessageTimeout","decl":{"start":{"line":3,"column":24},"end":{"line":3,"column":41}},"loc":{"start":{"line":3,"column":55},"end":{"line":20,"column":1}},"line":3},"1":{"name":"(anonymous_1)","decl":{"start":{"line":5,"column":14},"end":{"line":5,"column":15}},"loc":{"start":{"line":5,"column":20},"end":{"line":19,"column":5}},"line":5},"2":{"name":"(anonymous_2)","decl":{"start":{"line":6,"column":35},"end":{"line":6,"column":36}},"loc":{"start":{"line":6,"column":41},"end":{"line":13,"column":9}},"line":6},"3":{"name":"(anonymous_3)","decl":{"start":{"line":15,"column":15},"end":{"line":15,"column":16}},"loc":{"start":{"line":15,"column":21},"end":{"line":17,"column":9}},"line":15}},"branchMap":{"0":{"loc":{"start":{"line":7,"column":12},"end":{"line":9,"column":13}},"type":"if","locations":[{"start":{"line":7,"column":12},"end":{"line":9,"column":13}},{"start":{},"end":{}}],"line":7},"1":{"loc":{"start":{"line":10,"column":12},"end":{"line":12,"column":13}},"type":"if","locations":[{"start":{"line":10,"column":12},"end":{"line":12,"column":13}},{"start":{},"end":{}}],"line":10},"2":{"loc":{"start":{"line":10,"column":16},"end":{"line":10,"column":83}},"type":"binary-expr","locations":[{"start":{"line":10,"column":16},"end":{"line":10,"column":34}},{"start":{"line":10,"column":38},"end":{"line":10,"column":51}},{"start":{"line":10,"column":55},"end":{"line":10,"column":83}}],"line":10}},"s":{"0":0,"1":0,"2":0,"3":0,"4":0,"5":0,"6":0,"7":0},"f":{"0":0,"1":0,"2":0,"3":0},"b":{"0":[0,0],"1":[0,0],"2":[0,0,0]}}
,"C:\\Code\\flexpath-final-project\\frontend\\src\\hooks\\usePrivacy.jsx": {"path":"C:\\Code\\flexpath-final-project\\frontend\\src\\hooks\\usePrivacy.jsx","statementMap":{"0":{"start":{"line":5,"column":30},"end":{"line":5,"column":48}},"1":{"start":{"line":7,"column":26},"end":{"line":18,"column":5}},"2":{"start":{"line":9,"column":8},"end":{"line":15,"column":9}},"3":{"start":{"line":10,"column":12},"end":{"line":10,"column":25}},"4":{"start":{"line":11,"column":12},"end":{"line":11,"column":58}},"5":{"start":{"line":13,"column":12},"end":{"line":13,"column":24}},"6":{"start":{"line":14,"column":12},"end":{"line":14,"column":56}},"7":{"start":{"line":17,"column":8},"end":{"line":17,"column":53}},"8":{"start":{"line":20,"column":4},"end":{"line":22,"column":6}}},"fnMap":{"0":{"name":"usePrivacy","decl":{"start":{"line":4,"column":24},"end":{"line":4,"column":34}},"loc":{"start":{"line":4,"column":37},"end":{"line":23,"column":1}},"line":4},"1":{"name":"(anonymous_1)","decl":{"start":{"line":7,"column":26},"end":{"line":7,"column":27}},"loc":{"start":{"line":7,"column":38},"end":{"line":18,"column":5}},"line":7}},"branchMap":{"0":{"loc":{"start":{"line":9,"column":8},"end":{"line":15,"column":9}},"type":"if","locations":[{"start":{"line":9,"column":8},"end":{"line":15,"column":9}},{"start":{"line":12,"column":15},"end":{"line":15,"column":9}}],"line":9}},"s":{"0":0,"1":0,"2":0,"3":0,"4":0,"5":0,"6":0,"7":0,"8":0},"f":{"0":0,"1":0},"b":{"0":[0,0]}}
,"C:\\Code\\flexpath-final-project\\frontend\\src\\hooks\\useSort.jsx": {"path":"C:\\Code\\flexpath-final-project\\frontend\\src\\hooks\\useSort.jsx","statementMap":{"0":{"start":{"line":4,"column":40},"end":{"line":4,"column":52}},"1":{"start":{"line":6,"column":4},"end":{"line":29,"column":27}},"2":{"start":{"line":7,"column":30},"end":{"line":25,"column":9}},"3":{"start":{"line":8,"column":12},"end":{"line":22,"column":13}},"4":{"start":{"line":9,"column":16},"end":{"line":21,"column":17}},"5":{"start":{"line":10,"column":20},"end":{"line":10,"column":130}},"6":{"start":{"line":10,"column":59},"end":{"line":10,"column":127}},"7":{"start":{"line":11,"column":20},"end":{"line":13,"column":21}},"8":{"start":{"line":12,"column":24},"end":{"line":12,"column":97}},"9":{"start":{"line":14,"column":23},"end":{"line":21,"column":17}},"10":{"start":{"line":15,"column":20},"end":{"line":15,"column":130}},"11":{"start":{"line":15,"column":59},"end":{"line":15,"column":127}},"12":{"start":{"line":16,"column":20},"end":{"line":18,"column":21}},"13":{"start":{"line":17,"column":24},"end":{"line":17,"column":99}},"14":{"start":{"line":20,"column":20},"end":{"line":20,"column":45}},"15":{"start":{"line":22,"column":14},"end":{"line":24,"column":13}},"16":{"start":{"line":23,"column":16},"end":{"line":23,"column":33}},"17":{"start":{"line":27,"column":8},"end":{"line":27,"column":24}},"18":{"start":{"line":31,"column":4},"end":{"line":33,"column":6}}},"fnMap":{"0":{"name":"useSort","decl":{"start":{"line":3,"column":24},"end":{"line":3,"column":31}},"loc":{"start":{"line":3,"column":54},"end":{"line":34,"column":1}},"line":3},"1":{"name":"(anonymous_1)","decl":{"start":{"line":6,"column":14},"end":{"line":6,"column":15}},"loc":{"start":{"line":6,"column":20},"end":{"line":29,"column":5}},"line":6},"2":{"name":"(anonymous_2)","decl":{"start":{"line":7,"column":30},"end":{"line":7,"column":31}},"loc":{"start":{"line":7,"column":36},"end":{"line":25,"column":9}},"line":7},"3":{"name":"(anonymous_3)","decl":{"start":{"line":10,"column":49},"end":{"line":10,"column":50}},"loc":{"start":{"line":10,"column":59},"end":{"line":10,"column":127}},"line":10},"4":{"name":"(anonymous_4)","decl":{"start":{"line":15,"column":49},"end":{"line":15,"column":50}},"loc":{"start":{"line":15,"column":59},"end":{"line":15,"column":127}},"line":15}},"branchMap":{"0":{"loc":{"start":{"line":8,"column":12},"end":{"line":22,"column":13}},"type":"if","locations":[{"start":{"line":8,"column":12},"end":{"line":22,"column":13}},{"start":{},"end":{}}],"line":8},"1":{"loc":{"start":{"line":8,"column":16},"end":{"line":8,"column":39}},"type":"binary-expr","locations":[{"start":{"line":8,"column":16},"end":{"line":8,"column":20}},{"start":{"line":8,"column":24},"end":{"line":8,"column":39}}],"line":8},"2":{"loc":{"start":{"line":9,"column":16},"end":{"line":21,"column":17}},"type":"if","locations":[{"start":{"line":9,"column":16},"end":{"line":21,"column":17}},{"start":{"line":14,"column":23},"end":{"line":21,"column":17}}],"line":9},"3":{"loc":{"start":{"line":9,"column":20},"end":{"line":9,"column":41}},"type":"binary-expr","locations":[{"start":{"line":9,"column":20},"end":{"line":9,"column":23}},{"start":{"line":9,"column":27},"end":{"line":9,"column":41}}],"line":9},"4":{"loc":{"start":{"line":10,"column":59},"end":{"line":10,"column":127}},"type":"cond-expr","locations":[{"start":{"line":10,"column":121},"end":{"line":10,"column":122}},{"start":{"line":10,"column":125},"end":{"line":10,"column":127}}],"line":10},"5":{"loc":{"start":{"line":11,"column":20},"end":{"line":13,"column":21}},"type":"if","locations":[{"start":{"line":11,"column":20},"end":{"line":13,"column":21}},{"start":{},"end":{}}],"line":11},"6":{"loc":{"start":{"line":14,"column":23},"end":{"line":21,"column":17}},"type":"if","locations":[{"start":{"line":14,"column":23},"end":{"line":21,"column":17}},{"start":{"line":19,"column":23},"end":{"line":21,"column":17}}],"line":14},"7":{"loc":{"start":{"line":14,"column":27},"end":{"line":14,"column":49}},"type":"binary-expr","locations":[{"start":{"line":14,"column":27},"end":{"line":14,"column":30}},{"start":{"line":14,"column":34},"end":{"line":14,"column":49}}],"line":14},"8":{"loc":{"start":{"line":15,"column":59},"end":{"line":15,"column":127}},"type":"cond-expr","locations":[{"start":{"line":15,"column":121},"end":{"line":15,"column":123}},{"start":{"line":15,"column":126},"end":{"line":15,"column":127}}],"line":15},"9":{"loc":{"start":{"line":16,"column":20},"end":{"line":18,"column":21}},"type":"if","locations":[{"start":{"line":16,"column":20},"end":{"line":18,"column":21}},{"start":{},"end":{}}],"line":16},"10":{"loc":{"start":{"line":22,"column":14},"end":{"line":24,"column":13}},"type":"if","locations":[{"start":{"line":22,"column":14},"end":{"line":24,"column":13}},{"start":{},"end":{}}],"line":22}},"s":{"0":0,"1":0,"2":0,"3":0,"4":0,"5":0,"6":0,"7":0,"8":0,"9":0,"10":0,"11":0,"12":0,"13":0,"14":0,"15":0,"16":0,"17":0,"18":0},"f":{"0":0,"1":0,"2":0,"3":0,"4":0},"b":{"0":[0,0],"1":[0,0],"2":[0,0],"3":[0,0],"4":[0,0],"5":[0,0],"6":[0,0],"7":[0,0],"8":[0,0],"9":[0,0],"10":[0,0]}}
,"C:\\Code\\flexpath-final-project\\frontend\\src\\hooks\\useUrlBuilder.jsx": {"path":"C:\\Code\\flexpath-final-project\\frontend\\src\\hooks\\useUrlBuilder.jsx","statementMap":{"0":{"start":{"line":5,"column":21},"end":{"line":28,"column":5}},"1":{"start":{"line":6,"column":18},"end":{"line":6,"column":24}},"2":{"start":{"line":8,"column":8},"end":{"line":26,"column":9}},"3":{"start":{"line":9,"column":24},"end":{"line":9,"column":39}},"4":{"start":{"line":11,"column":12},"end":{"line":25,"column":13}},"5":{"start":{"line":11,"column":25},"end":{"line":11,"column":26}},"6":{"start":{"line":12,"column":37},"end":{"line":12,"column":43}},"7":{"start":{"line":14,"column":16},"end":{"line":24,"column":17}},"8":{"start":{"line":15,"column":20},"end":{"line":15,"column":38}},"9":{"start":{"line":16,"column":20},"end":{"line":18,"column":21}},"10":{"start":{"line":17,"column":24},"end":{"line":17,"column":35}},"11":{"start":{"line":19,"column":23},"end":{"line":24,"column":17}},"12":{"start":{"line":20,"column":20},"end":{"line":20,"column":45}},"13":{"start":{"line":21,"column":20},"end":{"line":23,"column":21}},"14":{"start":{"line":22,"column":24},"end":{"line":22,"column":35}},"15":{"start":{"line":27,"column":8},"end":{"line":27,"column":21}},"16":{"start":{"line":30,"column":4},"end":{"line":32,"column":5}}},"fnMap":{"0":{"name":"useUrlBuilder","decl":{"start":{"line":3,"column":24},"end":{"line":3,"column":37}},"loc":{"start":{"line":3,"column":40},"end":{"line":33,"column":1}},"line":3},"1":{"name":"(anonymous_1)","decl":{"start":{"line":5,"column":21},"end":{"line":5,"column":22}},"loc":{"start":{"line":5,"column":30},"end":{"line":28,"column":5}},"line":5}},"branchMap":{"0":{"loc":{"start":{"line":8,"column":8},"end":{"line":26,"column":9}},"type":"if","locations":[{"start":{"line":8,"column":8},"end":{"line":26,"column":9}},{"start":{},"end":{}}],"line":8},"1":{"loc":{"start":{"line":8,"column":12},"end":{"line":8,"column":45}},"type":"binary-expr","locations":[{"start":{"line":8,"column":12},"end":{"line":8,"column":24}},{"start":{"line":8,"column":28},"end":{"line":8,"column":45}}],"line":8},"2":{"loc":{"start":{"line":14,"column":16},"end":{"line":24,"column":17}},"type":"if","locations":[{"start":{"line":14,"column":16},"end":{"line":24,"column":17}},{"start":{"line":19,"column":23},"end":{"line":24,"column":17}}],"line":14},"3":{"loc":{"start":{"line":16,"column":20},"end":{"line":18,"column":21}},"type":"if","locations":[{"start":{"line":16,"column":20},"end":{"line":18,"column":21}},{"start":{},"end":{}}],"line":16},"4":{"loc":{"start":{"line":19,"column":23},"end":{"line":24,"column":17}},"type":"if","locations":[{"start":{"line":19,"column":23},"end":{"line":24,"column":17}},{"start":{},"end":{}}],"line":19},"5":{"loc":{"start":{"line":21,"column":20},"end":{"line":23,"column":21}},"type":"if","locations":[{"start":{"line":21,"column":20},"end":{"line":23,"column":21}},{"start":{},"end":{}}],"line":21}},"s":{"0":0,"1":0,"2":0,"3":0,"4":0,"5":0,"6":0,"7":0,"8":0,"9":0,"10":0,"11":0,"12":0,"13":0,"14":0,"15":0,"16":0},"f":{"0":0,"1":0},"b":{"0":[0,0],"1":[0,0],"2":[0,0],"3":[0,0],"4":[0,0],"5":[0,0]},"_coverageSchema":"1a1c01bbd47fc00a2c39e90264f33305004495a9","hash":"eb339ce6b9b735876322614e15ef9e7a28e04606"}
}
