TN:
SF:src\components\Navbar.jsx
FN:5,Navbar
FN:8,(anonymous_1)
FNF:2
FNH:1
FNDA:1,Navbar
FNDA:0,(anonymous_1)
DA:6,1
DA:8,1
DA:9,0
DA:10,0
DA:11,0
DA:12,0
DA:15,1
DA:16,1
DA:21,0
LF:9
LH:4
BRDA:15,0,0,1
BRDA:15,0,1,0
BRDA:25,1,0,0
BRDA:25,1,1,0
BRF:4
BRH:1
end_of_record
TN:
SF:src\context\AuthProvider.jsx
FN:5,AuthProvider
FNF:1
FNH:1
FNDA:1,AuthProvider
DA:3,1
DA:6,1
DA:7,1
DA:8,1
DA:10,1
DA:11,1
DA:13,1
DA:14,1
DA:16,1
LF:9
LH:9
BRDA:7,0,0,0
BRDA:7,0,1,1
BRDA:11,1,0,0
BRDA:11,1,1,1
BRDA:14,2,0,0
BRDA:14,2,1,1
BRF:6
BRH:3
end_of_record
