TN:
SF:src\App.jsx
FN:15,App
FNF:1
FNH:0
FNDA:0,App
DA:16,0
DA:17,0
LF:2
LH:0
BRDA:25,0,0,0
BRDA:25,0,1,0
BRDA:26,1,0,0
BRDA:26,1,1,0
BRDA:27,2,0,0
BRDA:27,2,1,0
BRDA:28,3,0,0
BRDA:28,3,1,0
BRDA:29,4,0,0
BRDA:29,4,1,0
BRF:10
BRH:0
end_of_record
TN:
SF:src\main.jsx
FNF:0
FNH:0
DA:8,0
LF:1
LH:0
BRF:0
BRH:0
end_of_record
TN:
SF:src\components\ErrorBoundary.jsx
FN:4,(anonymous_0)
FN:9,(anonymous_1)
FN:14,(anonymous_2)
FN:19,(anonymous_3)
FNF:4
FNH:0
FNDA:0,(anonymous_0)
FNDA:0,(anonymous_1)
FNDA:0,(anonymous_2)
FNDA:0,(anonymous_3)
DA:5,0
DA:6,0
DA:11,0
DA:16,0
DA:20,0
DA:22,0
DA:25,0
LF:7
LH:0
BRDA:20,0,0,0
BRDA:20,0,1,0
BRF:2
BRH:0
end_of_record
TN:
SF:src\components\Navbar.jsx
FN:5,Navbar
FN:8,(anonymous_1)
FNF:2
FNH:2
FNDA:4,Navbar
FNDA:1,(anonymous_1)
DA:6,4
DA:8,4
DA:9,1
DA:10,1
DA:11,1
DA:12,1
DA:15,4
DA:16,1
DA:21,3
LF:9
LH:9
BRDA:15,0,0,1
BRDA:15,0,1,3
BRDA:25,1,0,3
BRDA:25,1,1,2
BRF:4
BRH:4
end_of_record
TN:
SF:src\components\Pages\CreateBook.jsx
FN:6,CreateBook
FN:11,(anonymous_1)
FN:26,(anonymous_2)
FNF:3
FNH:3
FNDA:7,CreateBook
FNDA:1,(anonymous_1)
FNDA:1,(anonymous_2)
DA:7,7
DA:8,7
DA:9,7
DA:11,7
DA:12,1
DA:13,1
DA:19,1
DA:21,1
DA:22,1
DA:23,1
DA:26,7
DA:27,1
DA:28,1
DA:31,7
LF:14
LH:14
BRDA:46,0,0,7
BRDA:46,0,1,1
BRDA:47,1,0,7
BRDA:47,1,1,1
BRDA:48,2,0,7
BRDA:48,2,1,2
BRF:6
BRH:6
end_of_record
TN:
SF:src\components\Pages\404\NotFound.jsx
FN:3,NotFound
FNF:1
FNH:0
FNDA:0,NotFound
DA:4,0
LF:1
LH:0
BRF:0
BRH:0
end_of_record
TN:
SF:src\components\Pages\Book\AddToCollection.jsx
FN:6,AddToCollection
FN:15,(anonymous_1)
FN:16,(anonymous_2)
FNF:3
FNH:0
FNDA:0,AddToCollection
FNDA:0,(anonymous_1)
FNDA:0,(anonymous_2)
DA:7,0
DA:10,0
DA:11,0
DA:13,0
DA:15,0
DA:16,0
DA:17,0
DA:19,0
LF:8
LH:0
BRDA:10,0,0,0
BRDA:10,0,1,0
BRF:2
BRH:0
end_of_record
TN:
SF:src\components\Pages\Book\AddToCollectionForm.jsx
FN:6,AddToCollectionForm
FN:10,(anonymous_1)
FN:22,(anonymous_2)
FN:24,(anonymous_3)
FNF:4
FNH:4
FNDA:8,AddToCollectionForm
FNDA:1,(anonymous_1)
FNDA:10,(anonymous_2)
FNDA:70,(anonymous_3)
DA:7,8
DA:8,8
DA:10,8
DA:11,1
DA:12,1
DA:15,8
DA:23,10
DA:25,70
DA:26,10
LF:9
LH:9
BRDA:20,0,0,8
BRDA:20,0,1,3
BRDA:21,1,0,8
BRDA:21,1,1,5
BRDA:25,2,0,10
BRDA:25,2,1,60
BRDA:35,3,0,8
BRDA:35,3,1,3
BRDA:36,4,0,8
BRDA:36,4,1,5
BRDA:40,5,0,8
BRDA:40,5,1,1
BRDA:41,6,0,8
BRDA:41,6,1,1
BRDA:42,7,0,8
BRDA:42,7,1,1
BRF:16
BRH:16
end_of_record
TN:
SF:src\components\Pages\Book\Book.jsx
FN:9,Book
FN:16,(anonymous_1)
FN:18,(anonymous_2)
FN:21,(anonymous_3)
FNF:4
FNH:0
FNDA:0,Book
FNDA:0,(anonymous_1)
FNDA:0,(anonymous_2)
FNDA:0,(anonymous_3)
DA:10,0
DA:11,0
DA:12,0
DA:13,0
DA:14,0
DA:16,0
DA:17,0
DA:18,0
DA:21,0
DA:22,0
DA:23,0
DA:24,0
DA:28,0
LF:13
LH:0
BRDA:22,0,0,0
BRDA:22,0,1,0
BRDA:31,1,0,0
BRDA:31,1,1,0
BRDA:32,2,0,0
BRDA:32,2,1,0
BRDA:33,3,0,0
BRDA:33,3,1,0
BRDA:35,4,0,0
BRDA:35,4,1,0
BRDA:38,5,0,0
BRDA:38,5,1,0
BRDA:38,5,2,0
BRF:13
BRH:0
end_of_record
TN:
SF:src\components\Pages\Book\BookManager.jsx
FN:7,BookManager
FN:12,(anonymous_1)
FN:32,(anonymous_2)
FN:35,(anonymous_3)
FNF:4
FNH:0
FNDA:0,BookManager
FNDA:0,(anonymous_1)
FNDA:0,(anonymous_2)
FNDA:0,(anonymous_3)
DA:8,0
DA:9,0
DA:10,0
DA:12,0
DA:13,0
DA:14,0
DA:15,0
DA:16,0
DA:18,0
DA:19,0
DA:21,0
DA:22,0
DA:25,0
DA:27,0
DA:28,0
DA:29,0
DA:32,0
DA:33,0
DA:34,0
DA:35,0
DA:39,0
LF:21
LH:0
BRDA:15,0,0,0
BRDA:15,0,1,0
BRDA:18,1,0,0
BRDA:18,1,1,0
BRDA:21,2,0,0
BRDA:21,2,1,0
BRDA:33,3,0,0
BRDA:33,3,1,0
BRDA:41,4,0,0
BRDA:41,4,1,0
BRDA:59,5,0,0
BRDA:59,5,1,0
BRDA:60,6,0,0
BRDA:60,6,1,0
BRF:14
BRH:0
end_of_record
TN:
SF:src\components\Pages\Book\BookReviewsTable.jsx
FN:8,BookReviewsTable
FN:18,(anonymous_1)
FN:23,(anonymous_2)
FN:36,(anonymous_3)
FN:56,(anonymous_4)
FN:59,(anonymous_5)
FNF:6
FNH:6
FNDA:11,BookReviewsTable
FNDA:2,(anonymous_1)
FNDA:2,(anonymous_2)
FNDA:56,(anonymous_3)
FNDA:16,(anonymous_4)
FNDA:112,(anonymous_5)
DA:9,11
DA:10,11
DA:11,11
DA:13,11
DA:15,11
DA:16,11
DA:18,11
DA:19,2
DA:20,2
DA:23,11
DA:24,2
DA:25,2
DA:28,11
DA:37,56
DA:38,24
DA:39,16
DA:46,8
DA:57,16
DA:60,112
DA:61,48
DA:62,16
DA:63,32
DA:64,16
DA:66,16
LF:24
LH:24
BRDA:25,0,0,0
BRDA:25,0,1,2
BRDA:30,1,0,11
BRDA:30,1,1,1
BRDA:31,2,0,11
BRDA:31,2,1,1
BRDA:31,2,2,1
BRDA:32,3,0,11
BRDA:32,3,1,10
BRDA:32,3,2,2
BRDA:33,4,0,11
BRDA:33,4,1,8
BRDA:36,5,0,8
BRDA:36,5,1,8
BRDA:37,6,0,24
BRDA:37,6,1,32
BRDA:37,7,0,56
BRDA:37,7,1,48
BRDA:37,7,2,40
BRDA:37,7,3,32
BRDA:38,8,0,16
BRDA:38,8,1,8
BRDA:52,9,0,8
BRDA:52,9,1,8
BRDA:56,10,0,8
BRDA:56,10,1,8
BRDA:60,11,0,48
BRDA:60,11,1,64
BRDA:60,12,0,112
BRDA:60,12,1,96
BRDA:60,12,2,80
BRDA:60,12,3,64
BRDA:61,13,0,16
BRDA:61,13,1,32
BRDA:63,14,0,16
BRDA:63,14,1,16
BRDA:71,15,0,16
BRDA:71,15,1,8
BRDA:71,15,2,14
BRF:39
BRH:38
end_of_record
TN:
SF:src\components\Pages\Book\CreateReview.jsx
FN:6,CreateReview
FN:11,(anonymous_1)
FN:31,(anonymous_2)
FN:33,(anonymous_3)
FNF:4
FNH:3
FNDA:7,CreateReview
FNDA:3,(anonymous_1)
FNDA:7,(anonymous_2)
FNDA:0,(anonymous_3)
DA:7,7
DA:8,7
DA:9,7
DA:11,7
DA:12,3
DA:14,3
DA:15,3
DA:16,2
DA:18,3
DA:19,2
DA:21,1
DA:24,3
DA:26,3
DA:27,3
DA:28,3
DA:31,7
DA:32,7
DA:33,1
DA:37,7
LF:19
LH:19
BRDA:15,0,0,2
BRDA:15,0,1,1
BRDA:18,1,0,2
BRDA:18,1,1,1
BRDA:32,2,0,1
BRDA:32,2,1,6
BRDA:54,3,0,7
BRDA:54,3,1,1
BRDA:55,4,0,7
BRDA:55,4,1,1
BRF:10
BRH:10
end_of_record
TN:
SF:src\components\Pages\Book\DeleteBook.jsx
FN:6,DeleteBook
FN:11,(anonymous_1)
FN:15,(anonymous_2)
FNF:3
FNH:0
FNDA:0,DeleteBook
FNDA:0,(anonymous_1)
FNDA:0,(anonymous_2)
DA:7,0
DA:8,0
DA:9,0
DA:11,0
DA:12,0
DA:15,0
DA:16,0
DA:17,0
DA:22,0
LF:9
LH:0
BRDA:16,0,0,0
BRDA:16,0,1,0
BRDA:25,1,0,0
BRDA:25,1,1,0
BRDA:26,2,0,0
BRDA:26,2,1,0
BRF:6
BRH:0
end_of_record
TN:
SF:src\components\Pages\Collection\Collection.jsx
FN:9,Collection
FN:17,(anonymous_1)
FN:19,(anonymous_2)
FN:22,(anonymous_3)
FN:28,(anonymous_4)
FNF:5
FNH:0
FNDA:0,Collection
FNDA:0,(anonymous_1)
FNDA:0,(anonymous_2)
FNDA:0,(anonymous_3)
FNDA:0,(anonymous_4)
DA:10,0
DA:11,0
DA:12,0
DA:13,0
DA:14,0
DA:15,0
DA:17,0
DA:18,0
DA:19,0
DA:22,0
DA:23,0
DA:24,0
DA:25,0
DA:28,0
DA:29,0
DA:30,0
DA:31,0
DA:35,0
LF:18
LH:0
BRDA:29,0,0,0
BRDA:29,0,1,0
BRDA:37,1,0,0
BRDA:37,1,1,0
BRDA:38,2,0,0
BRDA:38,2,1,0
BRDA:40,3,0,0
BRDA:40,3,1,0
BRDA:43,4,0,0
BRDA:43,4,1,0
BRDA:43,4,2,0
BRDA:45,5,0,0
BRDA:45,5,1,0
BRDA:46,6,0,0
BRDA:46,6,1,0
BRDA:51,7,0,0
BRDA:51,7,1,0
BRDA:51,7,2,0
BRDA:51,7,3,0
BRF:19
BRH:0
end_of_record
TN:
SF:src\components\Pages\Collection\CollectionBooksTable.jsx
FN:10,CollectionBooksTable
FN:22,(anonymous_1)
FN:28,(anonymous_2)
FN:34,(anonymous_3)
FN:36,(anonymous_4)
FN:40,(anonymous_5)
FN:55,(anonymous_6)
FN:69,(anonymous_7)
FN:72,(anonymous_8)
FNF:9
FNH:8
FNDA:16,CollectionBooksTable
FNDA:9,(anonymous_1)
FNDA:3,(anonymous_2)
FNDA:16,(anonymous_3)
FNDA:0,(anonymous_4)
FNDA:3,(anonymous_5)
FNDA:40,(anonymous_6)
FNDA:30,(anonymous_7)
FNDA:120,(anonymous_8)
DA:11,16
DA:12,16
DA:13,16
DA:14,16
DA:15,16
DA:17,16
DA:19,16
DA:20,16
DA:22,16
DA:23,9
DA:24,9
DA:25,9
DA:28,16
DA:29,3
DA:30,3
DA:31,3
DA:34,16
DA:35,16
DA:36,1
DA:40,16
DA:41,3
DA:42,3
DA:45,16
DA:56,40
DA:57,30
DA:70,30
DA:73,120
DA:74,90
LF:28
LH:28
BRDA:35,0,0,1
BRDA:35,0,1,15
BRDA:42,1,0,0
BRDA:42,1,1,3
BRDA:47,2,0,16
BRDA:47,2,1,1
BRDA:48,3,0,16
BRDA:48,3,1,1
BRDA:49,4,0,16
BRDA:49,4,1,15
BRDA:49,4,2,5
BRDA:50,5,0,16
BRDA:50,5,1,1
BRDA:51,6,0,16
BRDA:51,6,1,1
BRDA:52,7,0,16
BRDA:52,7,1,10
BRDA:55,8,0,10
BRDA:55,8,1,10
BRDA:56,9,0,30
BRDA:56,9,1,10
BRDA:65,10,0,10
BRDA:65,10,1,10
BRDA:65,10,2,2
BRDA:65,10,3,9
BRDA:69,11,0,10
BRDA:69,11,1,10
BRDA:73,12,0,90
BRDA:73,12,1,30
BRDA:77,13,0,30
BRDA:77,13,1,6
BRDA:77,13,2,27
BRF:32
BRH:31
end_of_record
TN:
SF:src\components\Pages\Collection\CollectionManager.jsx
FN:7,CollectionManager
FN:12,(anonymous_1)
FN:29,(anonymous_2)
FN:31,(anonymous_3)
FNF:4
FNH:3
FNDA:6,CollectionManager
FNDA:2,(anonymous_1)
FNDA:6,(anonymous_2)
FNDA:0,(anonymous_3)
DA:8,6
DA:9,6
DA:10,6
DA:12,6
DA:13,2
DA:15,2
DA:16,2
DA:17,2
DA:19,2
DA:20,2
DA:23,2
DA:25,2
DA:26,2
DA:29,6
DA:30,6
DA:31,1
DA:35,6
LF:17
LH:17
BRDA:16,0,0,2
BRDA:16,0,1,0
BRDA:19,1,0,2
BRDA:19,1,1,0
BRDA:30,2,0,1
BRDA:30,2,1,5
BRDA:52,3,0,6
BRDA:52,3,1,1
BRDA:53,4,0,6
BRDA:53,4,1,1
BRF:10
BRH:8
end_of_record
TN:
SF:src\components\Pages\Collection\DeleteCollection.jsx
FN:7,DeleteCollection
FN:14,(anonymous_1)
FN:18,(anonymous_2)
FNF:3
FNH:0
FNDA:0,DeleteCollection
FNDA:0,(anonymous_1)
FNDA:0,(anonymous_2)
DA:8,0
DA:9,0
DA:10,0
DA:11,0
DA:14,0
DA:15,0
DA:18,0
DA:19,0
DA:20,0
DA:25,0
LF:10
LH:0
BRDA:19,0,0,0
BRDA:19,0,1,0
BRDA:28,1,0,0
BRDA:28,1,1,0
BRDA:29,2,0,0
BRDA:29,2,1,0
BRF:6
BRH:0
end_of_record
TN:
SF:src\components\Pages\Profile\CreateCollection.jsx
FN:6,CreateCollection
FN:11,(anonymous_1)
FN:37,(anonymous_2)
FN:39,(anonymous_3)
FNF:4
FNH:3
FNDA:7,CreateCollection
FNDA:3,(anonymous_1)
FNDA:7,(anonymous_2)
FNDA:0,(anonymous_3)
DA:7,7
DA:8,7
DA:9,7
DA:11,7
DA:12,3
DA:14,3
DA:15,3
DA:16,2
DA:18,3
DA:19,2
DA:21,1
DA:23,3
DA:24,2
DA:26,1
DA:29,3
DA:31,3
DA:32,3
DA:33,3
DA:34,3
DA:37,7
DA:38,7
DA:39,1
DA:43,7
LF:23
LH:23
BRDA:15,0,0,2
BRDA:15,0,1,1
BRDA:18,1,0,2
BRDA:18,1,1,1
BRDA:23,2,0,2
BRDA:23,2,1,1
BRDA:38,3,0,1
BRDA:38,3,1,6
BRDA:65,4,0,7
BRDA:65,4,1,1
BRDA:66,5,0,7
BRDA:66,5,1,1
BRF:12
BRH:12
end_of_record
TN:
SF:src\components\Pages\Profile\FavoriteCollection.jsx
FN:4,FavoriteCollection
FN:7,(anonymous_1)
FNF:2
FNH:1
FNDA:12,FavoriteCollection
FNDA:0,(anonymous_1)
DA:5,12
DA:7,12
DA:8,0
DA:10,0
DA:11,0
DA:12,0
DA:14,0
DA:15,0
DA:17,0
DA:20,12
LF:10
LH:3
BRDA:10,0,0,0
BRDA:10,0,1,0
BRDA:22,1,0,12
BRDA:22,1,1,4
BRDA:23,2,0,12
BRDA:23,2,1,8
BRF:6
BRH:4
end_of_record
TN:
SF:src\components\Pages\Profile\Login.jsx
FN:6,Login
FN:11,(anonymous_1)
FN:18,(anonymous_2)
FNF:3
FNH:3
FNDA:5,Login
FNDA:5,(anonymous_1)
FNDA:1,(anonymous_2)
DA:7,5
DA:8,5
DA:9,5
DA:11,5
DA:12,5
DA:13,1
DA:14,1
DA:18,5
DA:19,1
DA:20,1
DA:21,1
DA:23,1
DA:25,1
DA:26,1
DA:29,5
LF:15
LH:15
BRDA:12,0,0,1
BRDA:12,0,1,4
BRDA:36,1,0,5
BRDA:36,1,1,1
BRDA:37,2,0,5
BRDA:37,2,1,2
BRF:6
BRH:6
end_of_record
TN:
SF:src\components\Pages\Profile\Profile.jsx
FN:9,Profile
FNF:1
FNH:0
FNDA:0,Profile
DA:10,0
DA:12,0
LF:2
LH:0
BRDA:14,0,0,0
BRDA:14,0,1,0
BRDA:15,1,0,0
BRDA:15,1,1,0
BRDA:16,2,0,0
BRDA:16,2,1,0
BRDA:17,3,0,0
BRDA:17,3,1,0
BRF:8
BRH:0
end_of_record
TN:
SF:src\components\Pages\Profile\User.jsx
FN:5,User
FN:8,(anonymous_1)
FN:9,(anonymous_2)
FN:10,(anonymous_3)
FN:14,(anonymous_4)
FN:21,(anonymous_5)
FNF:6
FNH:0
FNDA:0,User
FNDA:0,(anonymous_1)
FNDA:0,(anonymous_2)
FNDA:0,(anonymous_3)
FNDA:0,(anonymous_4)
FNDA:0,(anonymous_5)
DA:6,0
DA:8,0
DA:9,0
DA:10,0
DA:11,0
DA:12,0
DA:14,0
DA:15,0
DA:16,0
DA:17,0
DA:21,0
DA:22,0
DA:23,0
DA:24,0
DA:29,0
LF:15
LH:0
BRDA:15,0,0,0
BRDA:15,0,1,0
BRDA:22,1,0,0
BRDA:22,1,1,0
BRDA:31,2,0,0
BRDA:31,2,1,0
BRDA:31,2,2,0
BRDA:32,3,0,0
BRDA:32,3,1,0
BRDA:32,3,2,0
BRDA:33,4,0,0
BRDA:33,4,1,0
BRDA:33,4,2,0
BRDA:33,4,3,0
BRF:14
BRH:0
end_of_record
TN:
SF:src\components\Pages\Profile\UserCollections.jsx
FN:9,UserCollections
FN:14,(anonymous_1)
FN:15,(anonymous_2)
FN:21,(anonymous_3)
FN:27,(anonymous_4)
FN:48,(anonymous_5)
FNF:6
FNH:5
FNDA:7,UserCollections
FNDA:7,(anonymous_1)
FNDA:7,(anonymous_2)
FNDA:3,(anonymous_3)
FNDA:0,(anonymous_4)
FNDA:12,(anonymous_5)
DA:10,7
DA:11,7
DA:12,7
DA:14,7
DA:15,7
DA:16,7
DA:18,7
DA:19,7
DA:21,7
DA:22,3
DA:23,3
DA:24,3
DA:27,7
DA:28,0
DA:29,0
DA:32,7
DA:49,12
LF:17
LH:15
BRDA:29,0,0,0
BRDA:29,0,1,0
BRDA:44,1,0,7
BRDA:44,1,1,1
BRDA:45,2,0,7
BRDA:45,2,1,1
BRDA:46,3,0,7
BRDA:46,3,1,6
BRDA:46,3,2,2
BRDA:47,4,0,7
BRDA:47,4,1,4
BRDA:48,5,0,4
BRDA:48,5,1,4
BRF:13
BRH:11
end_of_record
TN:
SF:src\components\Pages\Review\DeleteReview.jsx
FN:7,DeleteReview
FN:13,(anonymous_1)
FN:17,(anonymous_2)
FNF:3
FNH:0
FNDA:0,DeleteReview
FNDA:0,(anonymous_1)
FNDA:0,(anonymous_2)
DA:8,0
DA:9,0
DA:10,0
DA:11,0
DA:13,0
DA:14,0
DA:17,0
DA:18,0
DA:19,0
DA:23,0
LF:10
LH:0
BRDA:18,0,0,0
BRDA:18,0,1,0
BRDA:26,1,0,0
BRDA:26,1,1,0
BRDA:27,2,0,0
BRDA:27,2,1,0
BRF:6
BRH:0
end_of_record
TN:
SF:src\components\Pages\Review\Review.jsx
FN:10,Review
FN:16,(anonymous_1)
FN:17,(anonymous_2)
FN:20,(anonymous_3)
FN:25,(anonymous_4)
FNF:5
FNH:0
FNDA:0,Review
FNDA:0,(anonymous_1)
FNDA:0,(anonymous_2)
FNDA:0,(anonymous_3)
FNDA:0,(anonymous_4)
DA:11,0
DA:12,0
DA:13,0
DA:14,0
DA:16,0
DA:17,0
DA:18,0
DA:20,0
DA:21,0
DA:22,0
DA:25,0
DA:26,0
DA:27,0
DA:28,0
DA:31,0
LF:15
LH:0
BRDA:33,0,0,0
BRDA:33,0,1,0
BRDA:33,0,2,0
BRDA:35,1,0,0
BRDA:35,1,1,0
BRDA:36,2,0,0
BRDA:36,2,1,0
BRDA:47,3,0,0
BRDA:47,3,1,0
BRDA:48,4,0,0
BRDA:48,4,1,0
BRF:11
BRH:0
end_of_record
TN:
SF:src\components\Pages\Review\ReviewManager.jsx
FN:7,ReviewManager
FN:12,(anonymous_1)
FN:29,(anonymous_2)
FN:31,(anonymous_3)
FNF:4
FNH:3
FNDA:6,ReviewManager
FNDA:2,(anonymous_1)
FNDA:6,(anonymous_2)
FNDA:0,(anonymous_3)
DA:8,6
DA:9,6
DA:10,6
DA:12,6
DA:13,2
DA:15,2
DA:16,2
DA:17,2
DA:19,2
DA:20,2
DA:23,2
DA:25,2
DA:26,2
DA:29,6
DA:30,6
DA:31,1
DA:35,6
LF:17
LH:17
BRDA:16,0,0,2
BRDA:16,0,1,0
BRDA:19,1,0,2
BRDA:19,1,1,0
BRDA:30,2,0,1
BRDA:30,2,1,5
BRDA:51,3,0,6
BRDA:51,3,1,1
BRDA:52,4,0,6
BRDA:52,4,1,1
BRF:10
BRH:8
end_of_record
TN:
SF:src\components\Pages\Search\Search.jsx
FN:7,Search
FN:15,(anonymous_1)
FNF:2
FNH:0
FNDA:0,Search
FNDA:0,(anonymous_1)
DA:8,0
DA:10,0
DA:11,0
DA:13,0
DA:14,0
DA:15,0
DA:16,0
DA:18,0
DA:20,0
LF:9
LH:0
BRDA:11,0,0,0
BRDA:11,0,1,0
BRDA:14,1,0,0
BRDA:14,1,1,0
BRF:4
BRH:0
end_of_record
TN:
SF:src\components\Pages\Search\SearchResults.jsx
FN:5,SearchResults
FN:9,(anonymous_1)
FN:14,(anonymous_2)
FN:28,(anonymous_3)
FN:41,(anonymous_4)
FN:44,(anonymous_5)
FNF:6
FNH:6
FNDA:6,SearchResults
FNDA:3,(anonymous_1)
FNDA:3,(anonymous_2)
FNDA:12,(anonymous_3)
FNDA:9,(anonymous_4)
FNDA:36,(anonymous_5)
DA:6,6
DA:7,6
DA:9,6
DA:10,3
DA:11,3
DA:14,6
DA:15,3
DA:16,3
DA:19,6
DA:29,12
DA:30,9
DA:42,9
DA:45,36
DA:46,27
LF:14
LH:14
BRDA:16,0,0,0
BRDA:16,0,1,3
BRDA:21,1,0,6
BRDA:21,1,1,1
BRDA:22,2,0,6
BRDA:22,2,1,1
BRDA:23,3,0,6
BRDA:23,3,1,5
BRDA:23,3,2,2
BRDA:24,4,0,6
BRDA:24,4,1,3
BRDA:28,5,0,3
BRDA:28,5,1,3
BRDA:29,6,0,9
BRDA:29,6,1,3
BRDA:29,7,0,12
BRDA:29,7,1,9
BRDA:29,7,2,9
BRDA:29,7,3,9
BRDA:41,8,0,3
BRDA:41,8,1,3
BRDA:45,9,0,27
BRDA:45,9,1,9
BRDA:45,10,0,36
BRDA:45,10,1,27
BRDA:45,10,2,27
BRDA:45,10,3,27
BRF:27
BRH:26
end_of_record
TN:
SF:src\components\Pages\Search\ToggleFields.jsx
FN:3,ToggleFields
FN:5,(anonymous_1)
FNF:2
FNH:2
FNDA:8,ToggleFields
FNDA:2,(anonymous_1)
DA:5,8
DA:6,2
DA:8,2
DA:9,1
DA:10,1
DA:11,1
DA:12,1
DA:13,1
DA:14,1
DA:15,1
DA:19,8
LF:11
LH:11
BRDA:8,0,0,1
BRDA:8,0,1,1
BRDA:12,1,0,1
BRDA:12,1,1,0
BRDA:31,2,0,8
BRDA:31,2,1,6
BRF:6
BRH:5
end_of_record
TN:
SF:src\components\Pages\Search\UserInput.jsx
FN:5,UserInput
FN:11,(anonymous_1)
FNF:2
FNH:2
FNDA:4,UserInput
FNDA:4,(anonymous_1)
DA:6,4
DA:7,4
DA:8,4
DA:9,4
DA:11,4
DA:12,4
DA:13,4
DA:14,4
DA:15,4
DA:17,4
DA:18,4
DA:20,4
DA:21,4
DA:23,4
DA:24,2
DA:27,4
DA:28,4
DA:29,4
DA:30,4
DA:31,4
DA:33,4
DA:34,4
DA:35,4
DA:36,4
DA:40,4
LF:25
LH:25
BRDA:17,0,0,4
BRDA:17,0,1,0
BRDA:20,1,0,4
BRDA:20,1,1,0
BRDA:23,2,0,2
BRDA:23,2,1,2
BRDA:23,3,0,4
BRDA:23,3,1,4
BRDA:35,4,0,4
BRDA:35,4,1,0
BRF:10
BRH:7
end_of_record
TN:
SF:src\context\AuthProvider.jsx
FN:5,AuthProvider
FNF:1
FNH:0
FNDA:0,AuthProvider
DA:3,25
DA:6,0
DA:7,0
DA:8,0
DA:10,0
DA:11,0
DA:13,0
DA:14,0
DA:16,0
LF:9
LH:1
BRDA:7,0,0,0
BRDA:7,0,1,0
BRDA:11,1,0,0
BRDA:11,1,1,0
BRDA:14,2,0,0
BRDA:14,2,1,0
BRF:6
BRH:0
end_of_record
TN:
SF:src\context\DataProvider.jsx
FN:6,DataProvider
FNF:1
FNH:0
FNDA:0,DataProvider
DA:4,10
DA:7,0
DA:9,0
DA:10,0
DA:12,0
DA:13,0
DA:15,0
DA:17,0
LF:8
LH:1
BRDA:10,0,0,0
BRDA:10,0,1,0
BRDA:13,1,0,0
BRDA:13,1,1,0
BRF:4
BRH:0
end_of_record
TN:
SF:src\hooks\useCreateRequest.jsx
FN:5,useCreateRequest
FN:11,(anonymous_1)
FNF:2
FNH:2
FNDA:15,useCreateRequest
FNDA:1,(anonymous_1)
DA:6,15
DA:7,15
DA:8,15
DA:9,15
DA:11,15
DA:12,1
DA:13,1
DA:25,15
LF:8
LH:8
BRF:0
BRH:0
end_of_record
TN:
SF:src\hooks\useFetch.jsx
FN:6,useFetch
FN:13,(anonymous_1)
FN:17,fetchData
FNF:3
FNH:0
FNDA:0,useFetch
FNDA:0,(anonymous_1)
FNDA:0,fetchData
DA:7,0
DA:8,0
DA:9,0
DA:10,0
DA:11,0
DA:13,0
DA:14,0
DA:15,0
DA:18,0
DA:19,0
DA:20,0
DA:21,0
DA:22,0
DA:24,0
DA:25,0
DA:26,0
DA:28,0
DA:29,0
DA:33,0
DA:36,0
DA:37,0
DA:38,0
DA:39,0
DA:40,0
DA:41,0
DA:42,0
DA:44,0
DA:46,0
DA:49,0
DA:53,0
DA:54,0
LF:31
LH:0
BRDA:19,0,0,0
BRDA:19,0,1,0
BRDA:19,1,0,0
BRDA:19,1,1,0
BRDA:21,2,0,0
BRDA:21,2,1,0
BRDA:24,3,0,0
BRDA:24,3,1,0
BRDA:36,4,0,0
BRDA:36,4,1,0
BRDA:36,5,0,0
BRDA:36,5,1,0
BRDA:36,5,2,0
BRF:13
BRH:0
end_of_record
TN:
SF:src\hooks\useLoadPage.jsx
FN:7,useLoadPage
FN:12,(anonymous_1)
FNF:2
FNH:2
FNDA:2,useLoadPage
FNDA:2,(anonymous_1)
DA:8,2
DA:9,2
DA:10,2
DA:12,2
DA:13,2
DA:14,2
DA:15,2
DA:16,2
DA:17,2
DA:19,2
DA:20,1
DA:24,2
LF:12
LH:12
BRDA:19,0,0,1
BRDA:19,0,1,1
BRF:2
BRH:2
end_of_record
TN:
SF:src\hooks\useMessageTimeout.jsx
FN:3,useMessageTimeout
FN:5,(anonymous_1)
FN:6,(anonymous_2)
FN:15,(anonymous_3)
FNF:4
FNH:0
FNDA:0,useMessageTimeout
FNDA:0,(anonymous_1)
FNDA:0,(anonymous_2)
FNDA:0,(anonymous_3)
DA:5,0
DA:6,0
DA:7,0
DA:8,0
DA:10,0
DA:11,0
DA:15,0
DA:16,0
LF:8
LH:0
BRDA:7,0,0,0
BRDA:7,0,1,0
BRDA:10,1,0,0
BRDA:10,1,1,0
BRDA:10,2,0,0
BRDA:10,2,1,0
BRDA:10,2,2,0
BRF:7
BRH:0
end_of_record
TN:
SF:src\hooks\usePrivacy.jsx
FN:4,usePrivacy
FN:7,(anonymous_1)
FNF:2
FNH:2
FNDA:4,usePrivacy
FNDA:4,(anonymous_1)
DA:5,4
DA:7,4
DA:9,4
DA:10,2
DA:11,2
DA:13,2
DA:14,2
DA:17,4
DA:20,4
LF:9
LH:9
BRDA:9,0,0,2
BRDA:9,0,1,2
BRF:2
BRH:2
end_of_record
TN:
SF:src\hooks\useSort.jsx
FN:3,useSort
FN:6,(anonymous_1)
FN:7,(anonymous_2)
FN:10,(anonymous_3)
FN:15,(anonymous_4)
FNF:5
FNH:5
FNDA:20,useSort
FNDA:10,(anonymous_1)
FNDA:10,(anonymous_2)
FNDA:8,(anonymous_3)
FNDA:8,(anonymous_4)
DA:4,20
DA:6,20
DA:7,10
DA:8,10
DA:9,10
DA:10,8
DA:11,2
DA:12,2
DA:14,8
DA:15,8
DA:16,2
DA:17,2
DA:20,6
DA:22,10
DA:23,0
DA:27,10
DA:31,20
LF:17
LH:16
BRDA:8,0,0,10
BRDA:8,0,1,0
BRDA:8,1,0,10
BRDA:8,1,1,10
BRDA:9,2,0,2
BRDA:9,2,1,8
BRDA:9,3,0,10
BRDA:9,3,1,4
BRDA:10,4,0,4
BRDA:10,4,1,4
BRDA:11,5,0,2
BRDA:11,5,1,0
BRDA:14,6,0,2
BRDA:14,6,1,6
BRDA:14,7,0,8
BRDA:14,7,1,2
BRDA:15,8,0,4
BRDA:15,8,1,4
BRDA:16,9,0,2
BRDA:16,9,1,0
BRDA:22,10,0,0
BRDA:22,10,1,10
BRF:22
BRH:18
end_of_record
TN:
SF:src\hooks\useUrlBuilder.jsx
FN:3,useUrlBuilder
FN:5,(anonymous_1)
FNF:2
FNH:0
FNDA:0,useUrlBuilder
FNDA:0,(anonymous_1)
DA:5,0
DA:6,0
DA:8,0
DA:9,0
DA:11,0
DA:12,0
DA:14,0
DA:15,0
DA:16,0
DA:17,0
DA:19,0
DA:20,0
DA:21,0
DA:22,0
DA:27,0
DA:30,0
LF:16
LH:0
BRDA:8,0,0,0
BRDA:8,0,1,0
BRDA:8,1,0,0
BRDA:8,1,1,0
BRDA:14,2,0,0
BRDA:14,2,1,0
BRDA:16,3,0,0
BRDA:16,3,1,0
BRDA:19,4,0,0
BRDA:19,4,1,0
BRDA:21,5,0,0
BRDA:21,5,1,0
BRF:12
BRH:0
end_of_record
